#
# A fatal error has been detected by the Java Runtime Environment:
#
#  EXCEPTION_UNCAUGHT_CXX_EXCEPTION (0xe06d7363) at pc=0x000007fefdbe965d, pid=4168, tid=3484
#
# JRE version: Java(TM) SE Runtime Environment (8.0_45-b15) (build 1.8.0_45-b15)
# Java VM: Java HotSpot(TM) 64-Bit Server VM (25.45-b02 mixed mode windows-amd64 compressed oops)
# Problematic frame:
# C  [KERNELBASE.dll+0x965d]
#
# Failed to write core dump. Minidumps are not enabled by default on client versions of Windows
#
# If you would like to submit a bug report, please visit:
#   http://bugreport.java.com/bugreport/crash.jsp
#

---------------  T H R E A D  ---------------

Current thread (0x00000000139bf800):  VMThread [stack: 0x0000000014a20000,0x0000000014b20000] [id=3484]

siginfo: ExceptionCode=0xe06d7363, ExceptionInformation=0x0000000019930520 0x0000000014b1f4c8 0x000007feece42cb8 0x000007feecd90000 

Registers:
RAX=0x000000006f77e8fd, RBX=0x000007feece42cb8, RCX=0x0000000014b1ed10, RDX=0x00000000000000d0
RSP=0x0000000014b1f320, RBP=0x0000000014b1f450, RSI=0x00000000ffffffff, RDI=0x0000000016438fd0
R8 =0x0000000000000000, R9 =0x0000000000000000, R10=0x000007feecd90000, R11=0x0000000014b1f360
R12=0x0000000000000001, R13=0x0000000000000008, R14=0x0000000000000000, R15=0xffffffffffffffff
RIP=0x000007fefdbe965d, EFLAGS=0x0000000000000202

Top of Stack: (sp=0x0000000014b1f320)
0x0000000014b1f320:   000007feece42cb8 00000000ffffffff
0x0000000014b1f330:   0000000016438fd0 0000000000251920
0x0000000014b1f340:   00000001e06d7363 0000000000000000
0x0000000014b1f350:   000007fefdbe965d 000007fe00000004
0x0000000014b1f360:   0000000019930520 0000000014b1f4c8
0x0000000014b1f370:   000007feece42cb8 000007feecd90000
0x0000000014b1f380:   0000000000000000 0000000014b1f408
0x0000000014b1f390:   0000000000000028 0000000016438fc0
0x0000000014b1f3a0:   00000000163b5d50 0000000000000000
0x0000000014b1f3b0:   000007fffffd3000 0000000077b70bb3
0x0000000014b1f3c0:   0000000000000000 0000000000000008
0x0000000014b1f3d0:   0000000000000001 0000000016438fd0
0x0000000014b1f3e0:   00000000ffffffff 000007feecdee92c
0x0000000014b1f3f0:   000007feece42cb8 0000000014b1f460
0x0000000014b1f400:   0000000000000001 000007feecd900f8
0x0000000014b1f410:   00000001e06d7363 0000000000000000 

Instructions: (pc=0x000007fefdbe965d)
0x000007fefdbe963d:   54 24 24 48 89 4c 24 28 4d 85 c9 0f 85 5a 1a 01
0x000007fefdbe964d:   00 89 4c 24 38 48 8d 4c 24 20 ff 15 43 1c 04 00
0x000007fefdbe965d:   48 81 c4 c8 00 00 00 c3 90 90 90 90 90 90 90 90
0x000007fefdbe966d:   90 90 90 48 8b c4 48 89 58 08 48 89 68 10 48 89 


Register to memory mapping:

RAX=0x000000006f77e8fd is an unknown value
RBX=0x000007feece42cb8 is an unknown value
RCX=0x0000000014b1ed10 is an unknown value
RDX=0x00000000000000d0 is an unknown value
RSP=0x0000000014b1f320 is an unknown value
RBP=0x0000000014b1f450 is an unknown value
RSI=0x00000000ffffffff is an unallocated location in the heap
RDI=0x0000000016438fd0 is an unknown value
R8 =0x0000000000000000 is an unknown value
R9 =0x0000000000000000 is an unknown value
R10=0x000007feecd90000 is an unknown value
R11=0x0000000014b1f360 is an unknown value
R12=0x0000000000000001 is an unknown value
R13=0x0000000000000008 is an unknown value
R14=0x0000000000000000 is an unknown value
R15=0xffffffffffffffff is an unknown value


Stack: [0x0000000014a20000,0x0000000014b20000],  sp=0x0000000014b1f320,  free space=1020k
Native frames: (J=compiled Java code, j=interpreted, Vv=VM code, C=native code)
C  [KERNELBASE.dll+0x965d]
C  [MSVCR110.dll+0x5e92c]
C  [MSVCR110.dll+0x1315c]
C  [MSVCR110.dll+0x136a9]
C  [MSVCR110.dll+0x13e9c]
C  [MSVCR110.dll+0x239e]
C  [MSVCR110.dll+0xaf9e]
C  [MSVCP110.dll+0x397b9]
C  [librdi_common.dll+0x141c4e]
C  [librdi_common.dll+0x140859]
C  0x000007feed462400
C  0x000007feed462682
C  [ntdll.dll+0x235f1]
C  [ntdll.dll+0x23400]
C  [MSVCR100.dll+0x20ccd]
V  [jvm.dll+0x20f135]
V  [jvm.dll+0x247ef7]
V  [jvm.dll+0x247196]
V  [jvm.dll+0x247631]
V  [jvm.dll+0x24784e]
V  [jvm.dll+0x29853a]
C  [MSVCR100.dll+0x21d9f]
C  [MSVCR100.dll+0x21e3b]
C  [kernel32.dll+0x159ed]
C  [ntdll.dll+0x2b371]

VM_Operation (0x000000000012f500): Exit, mode: safepoint, requested by thread 0x00000000024de800


---------------  P R O C E S S  ---------------

Java Threads: ( => current thread )
  0x000000001764a000 JavaThread "pool-2-thread-3" [_thread_blocked, id=6584, stack(0x0000000025f80000,0x0000000026080000)]
  0x000000001a54e000 JavaThread "pool-2-thread-2" [_thread_blocked, id=7008, stack(0x00000000231f0000,0x00000000232f0000)]
  0x000000001a54d000 JavaThread "pool-2-thread-1" [_thread_blocked, id=1076, stack(0x0000000025680000,0x0000000025780000)]
  0x000000001a54c800 JavaThread "Thread-19" daemon [_thread_blocked, id=5840, stack(0x0000000025480000,0x0000000025580000)]
  0x000000001cebf000 JavaThread "TCF Locator DNS Lookup" daemon [_thread_blocked, id=4304, stack(0x0000000021a40000,0x0000000021b40000)]
  0x0000000017265000 JavaThread "TCF Locator Timer" daemon [_thread_blocked, id=1880, stack(0x0000000021940000,0x0000000021a40000)]
  0x0000000017262000 JavaThread "TCF Locator Receiver" daemon [_thread_in_native, id=3240, stack(0x0000000018710000,0x0000000018810000)]
  0x0000000017263800 JavaThread "TCF Timer Dispatcher" daemon [_thread_blocked, id=6548, stack(0x0000000018500000,0x0000000018600000)]
  0x00000000173bb800 JavaThread "EMF Reference Cleaner" daemon [_thread_blocked, id=4860, stack(0x0000000018ff0000,0x00000000190f0000)]
  0x0000000013a2f000 JavaThread "Service Thread" daemon [_thread_blocked, id=6408, stack(0x0000000015620000,0x0000000015720000)]
  0x0000000014d2c800 JavaThread "C1 CompilerThread2" daemon [_thread_blocked, id=712, stack(0x0000000015520000,0x0000000015620000)]
  0x0000000014d2b800 JavaThread "C2 CompilerThread1" daemon [_thread_blocked, id=5048, stack(0x0000000015420000,0x0000000015520000)]
  0x0000000014d28800 JavaThread "C2 CompilerThread0" daemon [_thread_blocked, id=5460, stack(0x0000000015320000,0x0000000015420000)]
  0x0000000014d24800 JavaThread "Attach Listener" daemon [_thread_blocked, id=3680, stack(0x0000000015220000,0x0000000015320000)]
  0x0000000013a28000 JavaThread "Signal Dispatcher" daemon [_thread_blocked, id=2504, stack(0x0000000015120000,0x0000000015220000)]
  0x00000000139cb800 JavaThread "Finalizer" daemon [_thread_blocked, id=6660, stack(0x0000000014c20000,0x0000000014d20000)]
  0x00000000139c4800 JavaThread "Reference Handler" daemon [_thread_blocked, id=5884, stack(0x0000000014b20000,0x0000000014c20000)]
  0x00000000024de800 JavaThread "main" [_thread_blocked, id=2320, stack(0x0000000000030000,0x0000000000130000)]

Other Threads:
=>0x00000000139bf800 VMThread [stack: 0x0000000014a20000,0x0000000014b20000] [id=3484]

VM state:at safepoint (shutting down)

VM Mutex/Monitor currently owned by a thread:  ([mutex/lock_event])
[0x00000000023b8980] Threads_lock - owner thread: 0x00000000139bf800

Heap:
 PSYoungGen      total 109056K, used 64930K [0x00000000f5580000, 0x00000000fd800000, 0x0000000100000000)
  eden space 103936K, 57% used [0x00000000f5580000,0x00000000f901e008,0x00000000fbb00000)
  from space 5120K, 95% used [0x00000000fbe00000,0x00000000fc2caab8,0x00000000fc300000)
  to   space 14848K, 0% used [0x00000000fc980000,0x00000000fc980000,0x00000000fd800000)
 ParOldGen       total 113152K, used 38391K [0x00000000e0000000, 0x00000000e6e80000, 0x00000000f5580000)
  object space 113152K, 33% used [0x00000000e0000000,0x00000000e257dfa8,0x00000000e6e80000)
 Metaspace       used 80999K, capacity 87600K, committed 87808K, reserved 1126400K
  class space    used 9625K, capacity 11747K, committed 11776K, reserved 1048576K

Card table byte_map: [0x0000000011970000,0x0000000011a80000] byte_map_base: 0x0000000011270000

Marking Bits: (ParMarkBitMap*) 0x0000000055b54040
 Begin Bits: [0x0000000011f30000, 0x0000000012730000)
 End Bits:   [0x0000000012730000, 0x0000000012f30000)

Polling page: 0x0000000000320000

CodeCache: size=245760Kb used=41085Kb max_used=41128Kb free=204674Kb
 bounds [0x00000000025b0000, 0x0000000004e40000, 0x00000000115b0000]
 total_blobs=11985 nmethods=11133 adapters=759
 compilation: enabled

Compilation events (10 events):
Event: 1268.420 Thread 0x0000000014d2c800 nmethod 14288 0x000000000448fc90 code [0x000000000448fde0, 0x000000000448ff30]
Event: 1268.420 Thread 0x0000000014d2c800 14281   !   3       org.eclipse.osgi.framework.internal.core.AbstractBundle::suspend (41 bytes)
Event: 1268.420 Thread 0x0000000014d2c800 nmethod 14281 0x0000000003e22b90 code [0x0000000003e22d20, 0x0000000003e23258]
Event: 1268.439 Thread 0x0000000014d2b800 nmethod 14282 0x0000000004df4110 code [0x0000000004df44c0, 0x0000000004df5750]
Event: 1268.526 Thread 0x0000000014d2c800 14289   !   3       org.eclipse.osgi.internal.baseadaptor.BaseStorage::compact (215 bytes)
Event: 1268.530 Thread 0x0000000014d2c800 nmethod 14289 0x0000000003cd9d50 code [0x0000000003cda1a0, 0x0000000003cdc668]
Event: 1268.649 Thread 0x0000000014d28800 14290       4       java.io.File::isDirectory (43 bytes)
Event: 1268.654 Thread 0x0000000014d28800 nmethod 14290 0x00000000038fc690 code [0x00000000038fc7e0, 0x00000000038fc9e8]
Event: 1268.666 Thread 0x0000000014d2c800 14291       3       org.eclipse.osgi.framework.internal.core.AbstractBundle::close (52 bytes)
Event: 1268.667 Thread 0x0000000014d2c800 nmethod 14291 0x0000000003e24950 code [0x0000000003e24b80, 0x0000000003e25888]

GC Heap History (10 events):
Event: 938.633 GC heap before
{Heap before GC invocations=31 (full 8):
 PSYoungGen      total 119808K, used 102625K [0x00000000f5580000, 0x00000000fe300000, 0x0000000100000000)
  eden space 99840K, 100% used [0x00000000f5580000,0x00000000fb700000,0x00000000fb700000)
  from space 19968K, 13% used [0x00000000fca00000,0x00000000fccb8640,0x00000000fdd80000)
  to   space 19456K, 0% used [0x00000000fb700000,0x00000000fb700000,0x00000000fca00000)
 ParOldGen       total 113152K, used 38367K [0x00000000e0000000, 0x00000000e6e80000, 0x00000000f5580000)
  object space 113152K, 33% used [0x00000000e0000000,0x00000000e2577fa8,0x00000000e6e80000)
 Metaspace       used 79153K, capacity 86034K, committed 86144K, reserved 1124352K
  class space    used 9493K, capacity 11612K, committed 11648K, reserved 1048576K
Event: 938.658 GC heap after
Heap after GC invocations=31 (full 8):
 PSYoungGen      total 119296K, used 4845K [0x00000000f5580000, 0x00000000fdf00000, 0x0000000100000000)
  eden space 99840K, 0% used [0x00000000f5580000,0x00000000f5580000,0x00000000fb700000)
  from space 19456K, 24% used [0x00000000fb700000,0x00000000fbbbb7f8,0x00000000fca00000)
  to   space 17920K, 0% used [0x00000000fcd80000,0x00000000fcd80000,0x00000000fdf00000)
 ParOldGen       total 113152K, used 38375K [0x00000000e0000000, 0x00000000e6e80000, 0x00000000f5580000)
  object space 113152K, 33% used [0x00000000e0000000,0x00000000e2579fa8,0x00000000e6e80000)
 Metaspace       used 79153K, capacity 86034K, committed 86144K, reserved 1124352K
  class space    used 9493K, capacity 11612K, committed 11648K, reserved 1048576K
}
Event: 955.449 GC heap before
{Heap before GC invocations=32 (full 8):
 PSYoungGen      total 119296K, used 104685K [0x00000000f5580000, 0x00000000fdf00000, 0x0000000100000000)
  eden space 99840K, 100% used [0x00000000f5580000,0x00000000fb700000,0x00000000fb700000)
  from space 19456K, 24% used [0x00000000fb700000,0x00000000fbbbb7f8,0x00000000fca00000)
  to   space 17920K, 0% used [0x00000000fcd80000,0x00000000fcd80000,0x00000000fdf00000)
 ParOldGen       total 113152K, used 38375K [0x00000000e0000000, 0x00000000e6e80000, 0x00000000f5580000)
  object space 113152K, 33% used [0x00000000e0000000,0x00000000e2579fa8,0x00000000e6e80000)
 Metaspace       used 79292K, capacity 86162K, committed 86400K, reserved 1124352K
  class space    used 9493K, capacity 11612K, committed 11648K, reserved 1048576K
Event: 955.455 GC heap after
Heap after GC invocations=32 (full 8):
 PSYoungGen      total 119808K, used 3329K [0x00000000f5580000, 0x00000000fdd00000, 0x0000000100000000)
  eden space 103936K, 0% used [0x00000000f5580000,0x00000000f5580000,0x00000000fbb00000)
  from space 15872K, 20% used [0x00000000fcd80000,0x00000000fd0c07a0,0x00000000fdd00000)
  to   space 17408K, 0% used [0x00000000fbb00000,0x00000000fbb00000,0x00000000fcc00000)
 ParOldGen       total 113152K, used 38383K [0x00000000e0000000, 0x00000000e6e80000, 0x00000000f5580000)
  object space 113152K, 33% used [0x00000000e0000000,0x00000000e257bfa8,0x00000000e6e80000)
 Metaspace       used 79292K, capacity 86162K, committed 86400K, reserved 1124352K
  class space    used 9493K, capacity 11612K, committed 11648K, reserved 1048576K
}
Event: 987.935 GC heap before
{Heap before GC invocations=33 (full 8):
 PSYoungGen      total 119808K, used 107265K [0x00000000f5580000, 0x00000000fdd00000, 0x0000000100000000)
  eden space 103936K, 100% used [0x00000000f5580000,0x00000000fbb00000,0x00000000fbb00000)
  from space 15872K, 20% used [0x00000000fcd80000,0x00000000fd0c07a0,0x00000000fdd00000)
  to   space 17408K, 0% used [0x00000000fbb00000,0x00000000fbb00000,0x00000000fcc00000)
 ParOldGen       total 113152K, used 38383K [0x00000000e0000000, 0x00000000e6e80000, 0x00000000f5580000)
  object space 113152K, 33% used [0x00000000e0000000,0x00000000e257bfa8,0x00000000e6e80000)
 Metaspace       used 79521K, capacity 86358K, committed 86656K, reserved 1124352K
  class space    used 9494K, capacity 11612K, committed 11648K, reserved 1048576K
Event: 987.942 GC heap after
Heap after GC invocations=33 (full 8):
 PSYoungGen      total 121344K, used 2545K [0x00000000f5580000, 0x00000000fdf80000, 0x0000000100000000)
  eden space 103936K, 0% used [0x00000000f5580000,0x00000000f5580000,0x00000000fbb00000)
  from space 17408K, 14% used [0x00000000fbb00000,0x00000000fbd7c6a0,0x00000000fcc00000)
  to   space 16896K, 0% used [0x00000000fcf00000,0x00000000fcf00000,0x00000000fdf80000)
 ParOldGen       total 113152K, used 38383K [0x00000000e0000000, 0x00000000e6e80000, 0x00000000f5580000)
  object space 113152K, 33% used [0x00000000e0000000,0x00000000e257bfa8,0x00000000e6e80000)
 Metaspace       used 79521K, capacity 86358K, committed 86656K, reserved 1124352K
  class space    used 9494K, capacity 11612K, committed 11648K, reserved 1048576K
}
Event: 1003.279 GC heap before
{Heap before GC invocations=34 (full 8):
 PSYoungGen      total 121344K, used 106481K [0x00000000f5580000, 0x00000000fdf80000, 0x0000000100000000)
  eden space 103936K, 100% used [0x00000000f5580000,0x00000000fbb00000,0x00000000fbb00000)
  from space 17408K, 14% used [0x00000000fbb00000,0x00000000fbd7c6a0,0x00000000fcc00000)
  to   space 16896K, 0% used [0x00000000fcf00000,0x00000000fcf00000,0x00000000fdf80000)
 ParOldGen       total 113152K, used 38383K [0x00000000e0000000, 0x00000000e6e80000, 0x00000000f5580000)
  object space 113152K, 33% used [0x00000000e0000000,0x00000000e257bfa8,0x00000000e6e80000)
 Metaspace       used 79603K, capacity 86364K, committed 86656K, reserved 1124352K
  class space    used 9494K, capacity 11613K, committed 11648K, reserved 1048576K
Event: 1003.296 GC heap after
Heap after GC invocations=34 (full 8):
 PSYoungGen      total 121344K, used 3073K [0x00000000f5580000, 0x00000000fdd00000, 0x0000000100000000)
  eden space 107008K, 0% used [0x00000000f5580000,0x00000000f5580000,0x00000000fbe00000)
  from space 14336K, 21% used [0x00000000fcf00000,0x00000000fd200740,0x00000000fdd00000)
  to   space 15872K, 0% used [0x00000000fbe00000,0x00000000fbe00000,0x00000000fcd80000)
 ParOldGen       total 113152K, used 38383K [0x00000000e0000000, 0x00000000e6e80000, 0x00000000f5580000)
  object space 113152K, 33% used [0x00000000e0000000,0x00000000e257bfa8,0x00000000e6e80000)
 Metaspace       used 79603K, capacity 86364K, committed 86656K, reserved 1124352K
  class space    used 9494K, capacity 11613K, committed 11648K, reserved 1048576K
}
Event: 1205.582 GC heap before
{Heap before GC invocations=35 (full 8):
 PSYoungGen      total 121344K, used 110081K [0x00000000f5580000, 0x00000000fdd00000, 0x0000000100000000)
  eden space 107008K, 100% used [0x00000000f5580000,0x00000000fbe00000,0x00000000fbe00000)
  from space 14336K, 21% used [0x00000000fcf00000,0x00000000fd200740,0x00000000fdd00000)
  to   space 15872K, 0% used [0x00000000fbe00000,0x00000000fbe00000,0x00000000fcd80000)
 ParOldGen       total 113152K, used 38383K [0x00000000e0000000, 0x00000000e6e80000, 0x00000000f5580000)
  object space 113152K, 33% used [0x00000000e0000000,0x00000000e257bfa8,0x00000000e6e80000)
 Metaspace       used 80033K, capacity 86790K, committed 87040K, reserved 1124352K
  class space    used 9515K, capacity 11650K, committed 11776K, reserved 1048576K
Event: 1205.594 GC heap after
Heap after GC invocations=35 (full 8):
 PSYoungGen      total 109056K, used 4906K [0x00000000f5580000, 0x00000000fd800000, 0x0000000100000000)
  eden space 103936K, 0% used [0x00000000f5580000,0x00000000f5580000,0x00000000fbb00000)
  from space 5120K, 95% used [0x00000000fbe00000,0x00000000fc2caab8,0x00000000fc300000)
  to   space 14848K, 0% used [0x00000000fc980000,0x00000000fc980000,0x00000000fd800000)
 ParOldGen       total 113152K, used 38391K [0x00000000e0000000, 0x00000000e6e80000, 0x00000000f5580000)
  object space 113152K, 33% used [0x00000000e0000000,0x00000000e257dfa8,0x00000000e6e80000)
 Metaspace       used 80033K, capacity 86790K, committed 87040K, reserved 1124352K
  class space    used 9515K, capacity 11650K, committed 11776K, reserved 1048576K
}

Deoptimization events (10 events):
Event: 1267.694 Thread 0x00000000024de800 Uncommon trap: reason=unstable_if action=reinterpret pc=0x0000000004b3efb0 method=org.eclipse.core.internal.localstore.FileSystemResourceManager.getStoreRoot(Lorg/eclipse/core/resources/IResource;)Lorg/eclipse/core/internal/localstore/FileStoreRoot; @ 17
Event: 1267.697 Thread 0x00000000024de800 Uncommon trap: reason=unstable_if action=reinterpret pc=0x0000000003f9a2c8 method=org.eclipse.swt.graphics.Resource.dispose()V @ 15
Event: 1268.278 Thread 0x0000000017261800 Uncommon trap: reason=unstable_if action=reinterpret pc=0x00000000048f5e38 method=org.eclipse.core.internal.jobs.JobManager.startJob(Lorg/eclipse/core/internal/jobs/Worker;)Lorg/eclipse/core/runtime/jobs/Job; @ 20
Event: 1268.281 Thread 0x00000000024de800 Uncommon trap: reason=unstable_if action=reinterpret pc=0x0000000002ff44ac method=org.eclipse.core.runtime.internal.adaptor.EclipseLazyStarter.shouldActivateFor(Ljava/lang/String;Lorg/eclipse/osgi/baseadaptor/BaseData;Lorg/eclipse/core/runtime/internal/adaƒl◊˜%—ì@
Event: 1268.287 Thread 0x0000000015b70800 Uncommon trap: reason=unstable_if action=reinterpret pc=0x000000000306a350 method=org.eclipse.osgi.framework.internal.core.BundleContextImpl.dispatchEvent(Ljava/lang/Object;Ljava/lang/Object;ILjava/lang/Object;)V @ 16
Event: 1268.318 Thread 0x00000000024de800 Uncommon trap: reason=null_check action=maybe_recompile pc=0x00000000031adbfc method=com.xilinx.sdk.targetmanager.internal.json.XMDJSONProcess.issueCommand(Ljava/lang/String;)Lcom/xilinx/sdk/targetmanager/internal/IXMDResult; @ 3
Event: 1268.331 Thread 0x00000000024de800 Uncommon trap: reason=bimorphic action=maybe_recompile pc=0x0000000004aa18f4 method=org.eclipse.core.internal.dtree.AbstractDataTreeNode.assembleWith([Lorg/eclipse/core/internal/dtree/AbstractDataTreeNode;[Lorg/eclipse/core/internal/dtree/AbstractDataTreeNPÜÂ˙R—ì@
Event: 1268.331 Thread 0x00000000024de800 Uncommon trap: reason=bimorphic action=maybe_recompile pc=0x0000000004aa18f4 method=org.eclipse.core.internal.dtree.AbstractDataTreeNode.assembleWith([Lorg/eclipse/core/internal/dtree/AbstractDataTreeNode;[Lorg/eclipse/core/internal/dtree/AbstractDataTreeN˚IdS—ì@
Event: 1268.331 Thread 0x00000000024de800 Uncommon trap: reason=bimorphic action=maybe_recompile pc=0x0000000004aa18f4 method=org.eclipse.core.internal.dtree.AbstractDataTreeNode.assembleWith([Lorg/eclipse/core/internal/dtree/AbstractDataTreeNode;[Lorg/eclipse/core/internal/dtree/AbstractDataTreeNM‘eS—ì@
Event: 1268.331 Thread 0x00000000024de800 Uncommon trap: reason=bimorphic action=maybe_recompile pc=0x0000000004aa18f4 method=org.eclipse.core.internal.dtree.AbstractDataTreeNode.assembleWith([Lorg/eclipse/core/internal/dtree/AbstractDataTreeNode;[Lorg/eclipse/core/internal/dtree/AbstractDataTreeN…˙èJ∆Œì@

Internal exceptions (10 events):
Event: 1266.347 Thread 0x0000000017647000 Exception <a 'java/net/SocketException': Connection reset by peer: socket write error> (0x00000000f7b7c498) thrown at [C:\re\workspace\8-2-build-windows-amd64-cygwin\jdk8u45\3627\hotspot\src\share\vm\prims\jni.cpp, line 735]
Event: 1266.347 Thread 0x0000000017647000 Exception <a 'java/net/SocketException': Socket closed> (0x00000000f7bbe378) thrown at [C:\re\workspace\8-2-build-windows-amd64-cygwin\jdk8u45\3627\hotspot\src\share\vm\prims\jni.cpp, line 735]
Event: 1266.378 Thread 0x00000000024de800 Implicit null exception at 0x0000000003db5e8c to 0x0000000003db5ee9
Event: 1266.691 Thread 0x00000000024de800 Implicit null exception at 0x000000000427e3c5 to 0x000000000427e695
Event: 1267.217 Thread 0x000000001a54a000 Exception <a 'java/lang/InterruptedException'> (0x00000000f89f3248) thrown at [C:\re\workspace\8-2-build-windows-amd64-cygwin\jdk8u45\3627\hotspot\src\share\vm\runtime\objectMonitor.cpp, line 1683]
Event: 1268.318 Thread 0x00000000024de800 Exception <a 'java/lang/NullPointerException'> (0x00000000f8bb8e28) thrown at [C:\re\workspace\8-2-build-windows-amd64-cygwin\jdk8u45\3627\hotspot\src\share\vm\prims\jvm.cpp, line 1386]
Event: 1268.423 Thread 0x0000000015ac0000 Exception <a 'java/lang/InterruptedException': sleep interrupted> (0x00000000f8d41878) thrown at [C:\re\workspace\8-2-build-windows-amd64-cygwin\jdk8u45\3627\hotspot\src\share\vm\prims\jvm.cpp, line 3211]
Event: 1268.424 Thread 0x000000001b855800 Exception <a 'java/lang/InterruptedException'> (0x00000000f8d95f60) thrown at [C:\re\workspace\8-2-build-windows-amd64-cygwin\jdk8u45\3627\hotspot\src\share\vm\runtime\objectMonitor.cpp, line 1683]
Event: 1268.450 Thread 0x0000000017028800 Exception <a 'java/lang/InterruptedException'> (0x00000000f8db16a0) thrown at [C:\re\workspace\8-2-build-windows-amd64-cygwin\jdk8u45\3627\hotspot\src\share\vm\runtime\objectMonitor.cpp, line 1683]
Event: 1268.666 Thread 0x0000000015b70800 Exception <a 'java/lang/InterruptedException'> (0x00000000f8d3f8f0) thrown at [C:\re\workspace\8-2-build-windows-amd64-cygwin\jdk8u45\3627\hotspot\src\share\vm\runtime\objectMonitor.cpp, line 1683]

Events (10 events):
Event: 1268.450 Thread 0x0000000017028800 Thread exited: 0x0000000017028800
Event: 1268.666 Thread 0x0000000015b70800 Thread exited: 0x0000000015b70800
Event: 1268.668 Thread 0x0000000015936000 Thread exited: 0x0000000015936000
Event: 1268.668 loading class java/util/IdentityHashMap$KeyIterator
Event: 1268.668 loading class java/util/IdentityHashMap$IdentityHashMapIterator
Event: 1268.681 loading class java/util/IdentityHashMap$IdentityHashMapIterator done
Event: 1268.681 loading class java/util/IdentityHashMap$KeyIterator done
Event: 1268.682 Thread 0x000000001d464000 Thread added: 0x000000001d464000
Event: 1268.682 Thread 0x000000001d464000 Thread exited: 0x000000001d464000
Event: 1268.682 Executing VM operation: Exit


Dynamic libraries:
0x0000000000400000 - 0x000000000044f000 	C:\Xilinx\SDK\2015.3\eclipse\win64.o\eclipse.exe
0x0000000077b20000 - 0x0000000077cca000 	C:\Windows\SYSTEM32\ntdll.dll
0x0000000077900000 - 0x0000000077a1f000 	C:\Windows\system32\kernel32.dll
0x000007fefdbe0000 - 0x000007fefdc4b000 	C:\Windows\system32\KERNELBASE.dll
0x0000000077a20000 - 0x0000000077b1a000 	C:\Windows\system32\USER32.dll
0x000007fefe260000 - 0x000007fefe2c7000 	C:\Windows\system32\GDI32.dll
0x000007fefe200000 - 0x000007fefe20e000 	C:\Windows\system32\LPK.dll
0x000007fefe130000 - 0x000007fefe1fa000 	C:\Windows\system32\USP10.dll
0x000007fefe2d0000 - 0x000007fefe36f000 	C:\Windows\system32\msvcrt.dll
0x000007fefbef0000 - 0x000007fefc0e4000 	C:\Windows\WinSxS\amd64_microsoft.windows.common-controls_6595b64144ccf1df_6.0.7601.18837_none_fa3b1e3d17594757\COMCTL32.dll
0x000007feffdb0000 - 0x000007feffe21000 	C:\Windows\system32\SHLWAPI.dll
0x000007fefe100000 - 0x000007fefe12e000 	C:\Windows\system32\IMM32.DLL
0x000007fefdc60000 - 0x000007fefdd69000 	C:\Windows\system32\MSCTF.dll
0x0000000072000000 - 0x0000000072012000 	C:\Xilinx\SDK\2015.3\eclipse\win64.o\plugins\org.eclipse.equinox.launcher.win32.win32.x86_64_1.1.200.v20140116-2212\eclipse_1503.dll
0x000007fefe020000 - 0x000007fefe0fb000 	C:\Windows\system32\ADVAPI32.dll
0x000007feffd90000 - 0x000007feffdaf000 	C:\Windows\SYSTEM32\sechost.dll
0x000007fefe9c0000 - 0x000007fefeaed000 	C:\Windows\system32\RPCRT4.dll
0x000007fefc940000 - 0x000007fefc94c000 	C:\Windows\system32\VERSION.dll
0x000007fefbe40000 - 0x000007fefbe96000 	C:\Windows\system32\uxtheme.dll
0x0000000055350000 - 0x0000000055bd3000 	C:\Xilinx\SDK\2015.3\tps\win64\jre\bin\server\jvm.dll
0x000007fef1420000 - 0x000007fef1429000 	C:\Windows\system32\WSOCK32.dll
0x000007fefe210000 - 0x000007fefe25d000 	C:\Windows\system32\WS2_32.dll
0x000007feffce0000 - 0x000007feffce8000 	C:\Windows\system32\NSI.dll
0x000007fef9ed0000 - 0x000007fef9f0b000 	C:\Windows\system32\WINMM.dll
0x0000000077ce0000 - 0x0000000077ce7000 	C:\Windows\system32\PSAPI.DLL
0x000000006d0f0000 - 0x000000006d1c2000 	C:\Windows\system32\MSVCR100.dll
0x000000006de70000 - 0x000000006de7f000 	C:\Xilinx\SDK\2015.3\tps\win64\jre\bin\verify.dll
0x000000006dbd0000 - 0x000000006dbf9000 	C:\Xilinx\SDK\2015.3\tps\win64\jre\bin\java.dll
0x000000006dc10000 - 0x000000006dc26000 	C:\Xilinx\SDK\2015.3\tps\win64\jre\bin\zip.dll
0x000007fefeaf0000 - 0x000007feff87a000 	C:\Windows\system32\SHELL32.dll
0x000007fefdd70000 - 0x000007fefdf73000 	C:\Windows\system32\ole32.dll
0x000007fefd8a0000 - 0x000007fefd8af000 	C:\Windows\system32\profapi.dll
0x000007fefd0a0000 - 0x000007fefd0b8000 	C:\Windows\system32\CRYPTSP.dll
0x000007fefcda0000 - 0x000007fefcde7000 	C:\Windows\system32\rsaenh.dll
0x000007fefd8d0000 - 0x000007fefd8ee000 	C:\Windows\system32\USERENV.dll
0x000007fefd6a0000 - 0x000007fefd6af000 	C:\Windows\system32\CRYPTBASE.dll
0x000000006dbb0000 - 0x000000006dbca000 	C:\Xilinx\SDK\2015.3\tps\win64\jre\bin\net.dll
0x000007fefd040000 - 0x000007fefd095000 	C:\Windows\system32\mswsock.dll
0x000007fefd030000 - 0x000007fefd037000 	C:\Windows\System32\wship6.dll
0x000007fefb960000 - 0x000007fefb987000 	C:\Windows\system32\IPHLPAPI.DLL
0x000007fefb820000 - 0x000007fefb82b000 	C:\Windows\system32\WINNSI.DLL
0x000007fefb650000 - 0x000007fefb661000 	C:\Windows\system32\dhcpcsvc6.DLL
0x000007fefb5a0000 - 0x000007fefb5b8000 	C:\Windows\system32\dhcpcsvc.DLL
0x000000006d460000 - 0x000000006d471000 	C:\Xilinx\SDK\2015.3\tps\win64\jre\bin\nio.dll
0x000007fefe690000 - 0x000007fefe729000 	C:\Windows\system32\CLBCatQ.DLL
0x000007fefe3d0000 - 0x000007fefe4a8000 	C:\Windows\system32\OLEAUT32.dll
0x000007fefbc40000 - 0x000007fefbc55000 	C:\Windows\system32\NLAapi.dll
0x000007fef1b30000 - 0x000007fef1b45000 	C:\Windows\system32\napinsp.dll
0x000007fef18d0000 - 0x000007fef18e9000 	C:\Windows\system32\pnrpnsp.dll
0x000007fefcec0000 - 0x000007fefcf1b000 	C:\Windows\system32\DNSAPI.dll
0x000007fef1690000 - 0x000007fef169b000 	C:\Windows\System32\winrnr.dll
0x000007fefa370000 - 0x000007fefa39f000 	C:\Program Files\Common Files\Microsoft Shared\Windows Live\WLIDNSP.DLL
0x000007fefca10000 - 0x000007fefca17000 	C:\Windows\System32\wshtcpip.dll
0x000007fefa360000 - 0x000007fefa368000 	C:\Windows\system32\rasadhlp.dll
0x000007fefb750000 - 0x000007fefb7a3000 	C:\Windows\System32\fwpuclnt.dll
0x0000000016a60000 - 0x0000000016b08000 	C:\Users\Fadime\.Xilinx\SDK\2015.3\org.eclipse.osgi\bundles\303\1\.cp\swt-win32-4335.dll
0x000007feffcf0000 - 0x000007feffd87000 	C:\Windows\system32\comdlg32.dll
0x000007fefa150000 - 0x000007fefa1c1000 	C:\Windows\system32\WINSPOOL.DRV
0x000007fefe730000 - 0x000007fefe9b3000 	C:\Windows\system32\WININET.dll
0x000007fefda30000 - 0x000007fefda34000 	C:\Windows\system32\api-ms-win-downlevel-user32-l1-1-0.dll
0x000007fefda20000 - 0x000007fefda24000 	C:\Windows\system32\api-ms-win-downlevel-shlwapi-l1-1-0.dll
0x000007fefd8f0000 - 0x000007fefd8f4000 	C:\Windows\system32\api-ms-win-downlevel-version-l1-1-0.dll
0x000007fefda60000 - 0x000007fefda63000 	C:\Windows\system32\api-ms-win-downlevel-normaliz-l1-1-0.dll
0x0000000077cf0000 - 0x0000000077cf3000 	C:\Windows\system32\normaliz.DLL
0x000007feffa10000 - 0x000007feffcd8000 	C:\Windows\system32\iertutil.dll
0x000007fefdc50000 - 0x000007fefdc55000 	C:\Windows\system32\api-ms-win-downlevel-advapi32-l1-1-0.dll
0x000007fefda70000 - 0x000007fefdbdd000 	C:\Windows\system32\CRYPT32.dll
0x000007fefd8b0000 - 0x000007fefd8bf000 	C:\Windows\system32\MSASN1.dll
0x000007fefb580000 - 0x000007fefb598000 	C:\Windows\system32\dwmapi.dll
0x000007fefc0f0000 - 0x000007fefc21c000 	C:\Windows\system32\propsys.dll
0x0000000002500000 - 0x000000000251e000 	C:\Users\Fadime\.Xilinx\SDK\2015.3\org.eclipse.osgi\bundles\303\1\.cp\swt-gdip-win32-4335.dll
0x000007fefba00000 - 0x000007fefbc16000 	C:\Windows\WinSxS\amd64_microsoft.windows.gdiplus_6595b64144ccf1df_1.1.7601.19061_none_2b299db671e86e03\gdiplus.dll
0x000007fefb0e0000 - 0x000007fefb241000 	C:\Windows\system32\WindowsCodecs.dll
0x0000000180000000 - 0x0000000180012000 	C:\Users\Fadime\.Xilinx\SDK\2015.3\org.eclipse.osgi\bundles\121\1\.cp\os\win32\x86_64\localfile_1_0_0.dll
0x000007feed860000 - 0x000007feed871000 	C:\Users\Fadime\.Xilinx\SDK\2015.3\org.eclipse.osgi\bundles\124\1\.cp\jWinHttp-1.0.0.dll
0x000007fef93a0000 - 0x000007fef9411000 	C:\Windows\system32\WINHTTP.dll
0x000007fef9320000 - 0x000007fef9384000 	C:\Windows\system32\webio.dll
0x000007fefd660000 - 0x000007fefd685000 	C:\Windows\system32\SspiCli.dll
0x000007fefcc20000 - 0x000007fefcc2a000 	C:\Windows\system32\credssp.dll
0x000007fefd900000 - 0x000007fefd936000 	C:\Windows\system32\CFGMGR32.dll
0x000007fefa840000 - 0x000007fefa894000 	C:\Windows\system32\oleacc.dll
0x000007fefd7f0000 - 0x000007fefd804000 	C:\Windows\system32\RpcRtRemote.dll
0x000007fefd750000 - 0x000007fefd7a7000 	C:\Windows\system32\apphelp.dll
0x000007fefb840000 - 0x000007fefb850000 	C:\Xilinx\SDK\2015.3\lib\win64.o\librdi_repo_manager.dll
0x000007feed1c0000 - 0x000007feed1ea000 	C:\Xilinx\SDK\2015.3\lib\win64.o\libisl_sysinfo.dll
0x000007feecd90000 - 0x000007feece64000 	C:\Windows\system32\MSVCR110.dll
0x000007feed110000 - 0x000007feed1b7000 	C:\Windows\system32\MSVCP110.dll
0x000007febd7f0000 - 0x000007febe17b000 	C:\Xilinx\SDK\2015.3\lib\win64.o\librdi_common.dll
0x000007fec68e0000 - 0x000007fec6c4e000 	C:\Xilinx\SDK\2015.3\lib\win64.o\libCOIN-all.dll
0x000007fec8560000 - 0x000007fec877e000 	C:\Xilinx\SDK\2015.3\lib\win64.o\libXil_lmgr11.dll
0x000007fefad60000 - 0x000007fefad76000 	C:\Windows\system32\NETAPI32.dll
0x000007fefad50000 - 0x000007fefad5c000 	C:\Windows\system32\netutils.dll
0x000007fefd2b0000 - 0x000007fefd2d3000 	C:\Windows\system32\srvcli.dll
0x000007fefad30000 - 0x000007fefad45000 	C:\Windows\system32\wkscli.dll
0x000007fefd940000 - 0x000007fefd97b000 	C:\Windows\system32\WINTRUST.dll
0x000007fef1210000 - 0x000007fef1220000 	C:\Xilinx\SDK\2015.3\lib\win64.o\libboost_date_time.dll
0x000007feeac40000 - 0x000007feeac62000 	C:\Xilinx\SDK\2015.3\lib\win64.o\libboost_filesystem.dll
0x000007fef4180000 - 0x000007fef4189000 	C:\Xilinx\SDK\2015.3\lib\win64.o\libboost_system.dll
0x000007feea790000 - 0x000007feea804000 	C:\Xilinx\SDK\2015.3\lib\win64.o\libboost_program_options.dll
0x000007fee71a0000 - 0x000007fee729a000 	C:\Xilinx\SDK\2015.3\lib\win64.o\libboost_regex.dll
0x000007feea920000 - 0x000007feea933000 	C:\Xilinx\SDK\2015.3\lib\win64.o\libboost_signals.dll
0x000007feed770000 - 0x000007feed78d000 	C:\Xilinx\SDK\2015.3\lib\win64.o\libboost_thread.dll
0x000007feedec0000 - 0x000007feedecb000 	C:\Xilinx\SDK\2015.3\lib\win64.o\libboost_chrono.dll
0x000007fef10e0000 - 0x000007fef10eb000 	C:\Xilinx\SDK\2015.3\lib\win64.o\libboost_xilinx.dll
0x000007fee8c40000 - 0x000007fee8cc0000 	C:\Xilinx\SDK\2015.3\lib\win64.o\libhdlpsolve.dll
0x000007fee4fb0000 - 0x000007fee504a000 	C:\Xilinx\SDK\2015.3\lib\win64.o\libhdxml.dll
0x000007fec6490000 - 0x000007fec68d8000 	C:\Xilinx\SDK\2015.3\lib\win64.o\libisl_iostreams.dll
0x000007feea770000 - 0x000007feea786000 	C:\Xilinx\SDK\2015.3\lib\win64.o\libboost_iostreams.dll
0x000007fee8c10000 - 0x000007fee8c33000 	C:\Xilinx\SDK\2015.3\lib\win64.o\librdizlib.dll
0x000007fee7700000 - 0x000007fee7723000 	C:\Xilinx\SDK\2015.3\lib\win64.o\libisl_iosutils.dll
0x000007feea130000 - 0x000007feea145000 	C:\Xilinx\SDK\2015.3\lib\win64.o\pthreadVC2.dll
0x000007fee4890000 - 0x000007fee48e4000 	C:\Xilinx\SDK\2015.3\lib\win64.o\librdi_commonxillic.dll
0x000007fec8430000 - 0x000007fec8560000 	C:\Xilinx\SDK\2015.3\lib\win64.o\librdi_curl.dll
0x000007fee9ad0000 - 0x000007fee9ae8000 	C:\Xilinx\SDK\2015.3\lib\win64.o\librdiconfig.dll
0x000000005fa80000 - 0x000000005fba7000 	C:\Xilinx\SDK\2015.3\lib\win64.o\tcl85t.dll
0x00000000233d0000 - 0x0000000023633000 	C:\Xilinx\SDK\2015.3\lib\win64.o\xerces-c_3_1.dll
0x000007feff880000 - 0x000007feffa05000 	C:\Windows\system32\urlmon.dll
0x000007fefd8c0000 - 0x000007fefd8c4000 	C:\Windows\system32\api-ms-win-downlevel-ole32-l1-1-0.dll
0x000007feed940000 - 0x000007feed963000 	C:\Windows\system32\VCOMP110.DLL
0x000007fec8240000 - 0x000007fec842c000 	C:\Xilinx\SDK\2015.3\lib\win64.o\librdi_hsm.dll
0x000007fee4840000 - 0x000007fee4883000 	C:\Xilinx\SDK\2015.3\lib\win64.o\librdi_hdf.dll
0x000007fec55b0000 - 0x000007fec57e5000 	C:\Xilinx\SDK\2015.3\lib\win64.o\librdi_ippcw.dll
0x000007fefa6c0000 - 0x000007fefa6c7000 	C:\Windows\system32\msimg32.dll
0x000007fec4480000 - 0x000007fec4c90000 	C:\Xilinx\SDK\2015.3\lib\win64.o\libXil_lmgr11FNP.dll
0x000007fef9390000 - 0x000007fef939b000 	C:\Windows\system32\snmpapi.dll
0x000007fefe4b0000 - 0x000007fefe687000 	C:\Windows\system32\SETUPAPI.dll
0x000007fefda40000 - 0x000007fefda5a000 	C:\Windows\system32\DEVOBJ.dll
0x000000006dc00000 - 0x000000006dc03000 	C:\Windows\system32\icmp.Dll

VM Arguments:
jvm_args: -Dcom.xilinx.sdk.args.hwspec=C:/Users/Fadime/Documents/ECE532/PROJECT/NexysVideo-master/Projects/hdmi/proj/hdmi.sdk/hdmi_wrapper.hdf -Xms64m -Xmx512m & 
java_command: <unknown>
java_class_path (initial): C:\Xilinx\SDK\2015.3\eclipse\win64.o\\plugins/org.eclipse.equinox.launcher_1.3.0.v20130327-1440.jar
Launcher Type: generic

Environment Variables:
USERNAME=Fadime
OS=Windows_NT
PROCESSOR_IDENTIFIER=Intel64 Family 6 Model 42 Stepping 7, GenuineIntel



---------------  S Y S T E M  ---------------

OS: Windows 7 , 64 bit Build 7601 (6.1.7601.19160)

CPU:total 4 (2 cores per cpu, 2 threads per core) family 6 model 42 stepping 7, cmov, cx8, fxsr, mmx, sse, sse2, sse3, ssse3, sse4.1, sse4.2, popcnt, avx, clmul, ht, tsc, tscinvbit

Memory: 4k page, physical 4042608k(1907100k free), swap 9638892k(4483112k free)

vm_info: Java HotSpot(TM) 64-Bit Server VM (25.45-b02) for windows-amd64 JRE (1.8.0_45-b15), built on Apr 30 2015 12:40:44 by "java_re" with MS VC++ 10.0 (VS2010)

time: Tue Mar 29 20:35:08 2016
elapsed time: 1269 seconds (0d 0h 21m 9s)

