#
# A fatal error has been detected by the Java Runtime Environment:
#
#  EXCEPTION_UNCAUGHT_CXX_EXCEPTION (0xe06d7363) at pc=0x000007fefdbe965d, pid=1684, tid=3028
#
# JRE version: Java(TM) SE Runtime Environment (8.0_45-b15) (build 1.8.0_45-b15)
# Java VM: Java HotSpot(TM) 64-Bit Server VM (25.45-b02 mixed mode windows-amd64 compressed oops)
# Problematic frame:
# C  [KERNELBASE.dll+0x965d]
#
# Failed to write core dump. Minidumps are not enabled by default on client versions of Windows
#
# If you would like to submit a bug report, please visit:
#   http://bugreport.java.com/bugreport/crash.jsp
#

---------------  T H R E A D  ---------------

Current thread (0x000000001399b000):  VMThread [stack: 0x0000000014a00000,0x0000000014b00000] [id=3028]

siginfo: ExceptionCode=0xe06d7363, ExceptionInformation=0x0000000019930520 0x0000000014aff6c8 0x000007feed2f2cb8 0x000007feed240000 

Registers:
RAX=0x0000000066daf44c, RBX=0x000007feed2f2cb8, RCX=0x0000000014afef10, RDX=0x00000000000000d0
RSP=0x0000000014aff520, RBP=0x0000000014aff650, RSI=0x00000000ffffffff, RDI=0x00000000163c4340
R8 =0x0000000000000000, R9 =0x0000000000000000, R10=0x000007feed240000, R11=0x0000000014aff560
R12=0x0000000000000001, R13=0x0000000000000008, R14=0x0000000000000000, R15=0xffffffffffffffff
RIP=0x000007fefdbe965d, EFLAGS=0x0000000000000202

Top of Stack: (sp=0x0000000014aff520)
0x0000000014aff520:   000007feed2f2cb8 00000000ffffffff
0x0000000014aff530:   00000000163c4340 0000000000251920
0x0000000014aff540:   00000001e06d7363 0000000000000000
0x0000000014aff550:   000007fefdbe965d 000007fe00000004
0x0000000014aff560:   0000000019930520 0000000014aff6c8
0x0000000014aff570:   000007feed2f2cb8 000007feed240000
0x0000000014aff580:   0000000000000000 0000000014aff608
0x0000000014aff590:   0000000000000028 00000000163c4330
0x0000000014aff5a0:   00000000163cce60 0000000000000000
0x0000000014aff5b0:   000007fffffae000 0000000077b70bb3
0x0000000014aff5c0:   0000000000000000 0000000000000008
0x0000000014aff5d0:   0000000000000001 00000000163c4340
0x0000000014aff5e0:   00000000ffffffff 000007feed29e92c
0x0000000014aff5f0:   000007feed2f2cb8 0000000014aff660
0x0000000014aff600:   0000000000000001 000007feed2400f8
0x0000000014aff610:   00000001e06d7363 0000000000000000 

Instructions: (pc=0x000007fefdbe965d)
0x000007fefdbe963d:   54 24 24 48 89 4c 24 28 4d 85 c9 0f 85 5a 1a 01
0x000007fefdbe964d:   00 89 4c 24 38 48 8d 4c 24 20 ff 15 43 1c 04 00
0x000007fefdbe965d:   48 81 c4 c8 00 00 00 c3 90 90 90 90 90 90 90 90
0x000007fefdbe966d:   90 90 90 48 8b c4 48 89 58 08 48 89 68 10 48 89 


Register to memory mapping:

RAX=0x0000000066daf44c is an unknown value
RBX=0x000007feed2f2cb8 is an unknown value
RCX=0x0000000014afef10 is an unknown value
RDX=0x00000000000000d0 is an unknown value
RSP=0x0000000014aff520 is an unknown value
RBP=0x0000000014aff650 is an unknown value
RSI=0x00000000ffffffff is an unallocated location in the heap
RDI=0x00000000163c4340 is an unknown value
R8 =0x0000000000000000 is an unknown value
R9 =0x0000000000000000 is an unknown value
R10=0x000007feed240000 is an unknown value
R11=0x0000000014aff560 is an unknown value
R12=0x0000000000000001 is an unknown value
R13=0x0000000000000008 is an unknown value
R14=0x0000000000000000 is an unknown value
R15=0xffffffffffffffff is an unknown value


Stack: [0x0000000014a00000,0x0000000014b00000],  sp=0x0000000014aff520,  free space=1021k
Native frames: (J=compiled Java code, j=interpreted, Vv=VM code, C=native code)
C  [KERNELBASE.dll+0x965d]
C  [MSVCR110.dll+0x5e92c]
C  [MSVCR110.dll+0x1315c]
C  [MSVCR110.dll+0x136a9]
C  [MSVCR110.dll+0x13e9c]
C  [MSVCR110.dll+0x239e]
C  [MSVCR110.dll+0xaf9e]
C  [MSVCP110.dll+0x397b9]
C  [librdi_common.dll+0x141c4e]
C  [librdi_common.dll+0x140859]
C  [librdi_repo_manager.dll+0x6a60]
C  [librdi_repo_manager.dll+0x6ce2]
C  [ntdll.dll+0x235f1]
C  [ntdll.dll+0x23400]
C  [MSVCR100.dll+0x20ccd]
V  [jvm.dll+0x20f135]
V  [jvm.dll+0x247ef7]
V  [jvm.dll+0x247196]
V  [jvm.dll+0x247631]
V  [jvm.dll+0x24784e]
V  [jvm.dll+0x29853a]
C  [MSVCR100.dll+0x21d9f]
C  [MSVCR100.dll+0x21e3b]
C  [kernel32.dll+0x159ed]
C  [ntdll.dll+0x2b371]

VM_Operation (0x000000000012f500): Exit, mode: safepoint, requested by thread 0x00000000023be800


---------------  P R O C E S S  ---------------

Java Threads: ( => current thread )
  0x000000001b472000 JavaThread "TCF Locator DNS Lookup" daemon [_thread_blocked, id=4700, stack(0x000000001fd70000,0x000000001fe70000)]
  0x000000001b471800 JavaThread "TCF Locator Timer" daemon [_thread_blocked, id=4304, stack(0x000000001f550000,0x000000001f650000)]
  0x000000001b470800 JavaThread "TCF Locator Receiver" daemon [_thread_in_native, id=3424, stack(0x0000000018670000,0x0000000018770000)]
  0x000000001b46f000 JavaThread "TCF Timer Dispatcher" daemon [_thread_blocked, id=4828, stack(0x0000000018410000,0x0000000018510000)]
  0x000000001961e800 JavaThread "EMF Reference Cleaner" daemon [_thread_blocked, id=2556, stack(0x000000001a1d0000,0x000000001a2d0000)]
  0x0000000013a0f000 JavaThread "Service Thread" daemon [_thread_blocked, id=1496, stack(0x0000000015600000,0x0000000015700000)]
  0x0000000013a0d000 JavaThread "C1 CompilerThread2" daemon [_thread_blocked, id=1120, stack(0x0000000015500000,0x0000000015600000)]
  0x0000000013a0c800 JavaThread "C2 CompilerThread1" daemon [_thread_blocked, id=4332, stack(0x0000000015400000,0x0000000015500000)]
  0x0000000014d09000 JavaThread "C2 CompilerThread0" daemon [_thread_blocked, id=3032, stack(0x0000000015300000,0x0000000015400000)]
  0x0000000014d03800 JavaThread "Attach Listener" daemon [_thread_blocked, id=5472, stack(0x0000000015200000,0x0000000015300000)]
  0x0000000014d00800 JavaThread "Signal Dispatcher" daemon [_thread_blocked, id=5632, stack(0x0000000015100000,0x0000000015200000)]
  0x00000000139a7800 JavaThread "Finalizer" daemon [_thread_blocked, id=5612, stack(0x0000000014c00000,0x0000000014d00000)]
  0x00000000139a0800 JavaThread "Reference Handler" daemon [_thread_blocked, id=3136, stack(0x0000000014b00000,0x0000000014c00000)]
  0x00000000023be800 JavaThread "main" [_thread_blocked, id=5336, stack(0x0000000000030000,0x0000000000130000)]

Other Threads:
=>0x000000001399b000 VMThread [stack: 0x0000000014a00000,0x0000000014b00000] [id=3028]

VM state:at safepoint (shutting down)

VM Mutex/Monitor currently owned by a thread:  ([mutex/lock_event])
[0x00000000023f8980] Threads_lock - owner thread: 0x000000001399b000

Heap:
 PSYoungGen      total 119296K, used 24557K [0x00000000f5580000, 0x00000000fe280000, 0x0000000100000000)
  eden space 95232K, 25% used [0x00000000f5580000,0x00000000f6d7b5c8,0x00000000fb280000)
  from space 24064K, 0% used [0x00000000fcb00000,0x00000000fcb00000,0x00000000fe280000)
  to   space 24576K, 0% used [0x00000000fb280000,0x00000000fb280000,0x00000000fca80000)
 ParOldGen       total 102400K, used 46338K [0x00000000e0000000, 0x00000000e6400000, 0x00000000f5580000)
  object space 102400K, 45% used [0x00000000e0000000,0x00000000e2d40908,0x00000000e6400000)
 Metaspace       used 71764K, capacity 77656K, committed 77696K, reserved 1116160K
  class space    used 8850K, capacity 10612K, committed 10624K, reserved 1048576K

Card table byte_map: [0x0000000011950000,0x0000000011a60000] byte_map_base: 0x0000000011250000

Marking Bits: (ParMarkBitMap*) 0x0000000059174040
 Begin Bits: [0x0000000011f10000, 0x0000000012710000)
 End Bits:   [0x0000000012710000, 0x0000000012f10000)

Polling page: 0x00000000022b0000

CodeCache: size=245760Kb used=23010Kb max_used=23183Kb free=222749Kb
 bounds [0x0000000002590000, 0x0000000003ca0000, 0x0000000011590000]
 total_blobs=7232 nmethods=6402 adapters=738
 compilation: enabled

Compilation events (10 events):
Event: 343.698 Thread 0x0000000013a0d000 7788       3       java.io.File::list (33 bytes)
Event: 343.699 Thread 0x0000000013a0d000 nmethod 7788 0x0000000002a9b210 code [0x0000000002a9b3e0, 0x0000000002a9bb28]
Event: 343.746 Thread 0x0000000013a0d000 7789   !   3       org.eclipse.osgi.internal.baseadaptor.BaseStorage::compact (215 bytes)
Event: 343.750 Thread 0x0000000013a0d000 nmethod 7789 0x0000000003a939d0 code [0x0000000003a93e20, 0x0000000003a962e8]
Event: 343.807 Thread 0x0000000014d09000 nmethod 7767 0x0000000003c702d0 code [0x0000000003c70760, 0x0000000003c76970]
Event: 343.808 Thread 0x0000000014d09000 7779       4       java.util.ArrayDeque::pollFirst (42 bytes)
Event: 343.809 Thread 0x0000000014d09000 nmethod 7779 0x0000000003c28d50 code [0x0000000003c28e80, 0x0000000003c28f38]
Event: 343.823 Thread 0x0000000013a0c800 nmethod 7758 0x0000000003c7f550 code [0x0000000003c7fb00, 0x0000000003c87378]
Event: 344.117 Thread 0x0000000013a0d000 7790       3       org.eclipse.osgi.framework.internal.core.AbstractBundle::close (52 bytes)
Event: 344.119 Thread 0x0000000013a0d000 nmethod 7790 0x0000000002c48a10 code [0x0000000002c48c40, 0x0000000002c49948]

GC Heap History (10 events):
Event: 185.159 GC heap before
{Heap before GC invocations=20 (full 6):
 PSYoungGen      total 119296K, used 160K [0x00000000f5580000, 0x00000000fe380000, 0x0000000100000000)
  eden space 94720K, 0% used [0x00000000f5580000,0x00000000f5580000,0x00000000fb200000)
  from space 24576K, 0% used [0x00000000fca80000,0x00000000fcaa8000,0x00000000fe280000)
  to   space 25088K, 0% used [0x00000000fb200000,0x00000000fb200000,0x00000000fca80000)
 ParOldGen       total 102400K, used 45590K [0x00000000e0000000, 0x00000000e6400000, 0x00000000f5580000)
  object space 102400K, 44% used [0x00000000e0000000,0x00000000e2c858e8,0x00000000e6400000)
 Metaspace       used 70228K, capacity 75890K, committed 76160K, reserved 1114112K
  class space    used 8700K, capacity 10514K, committed 10624K, reserved 1048576K
Event: 185.324 GC heap after
Heap after GC invocations=20 (full 6):
 PSYoungGen      total 119296K, used 0K [0x00000000f5580000, 0x00000000fe380000, 0x0000000100000000)
  eden space 94720K, 0% used [0x00000000f5580000,0x00000000f5580000,0x00000000fb200000)
  from space 24576K, 0% used [0x00000000fca80000,0x00000000fca80000,0x00000000fe280000)
  to   space 25088K, 0% used [0x00000000fb200000,0x00000000fb200000,0x00000000fca80000)
 ParOldGen       total 102400K, used 45585K [0x00000000e0000000, 0x00000000e6400000, 0x00000000f5580000)
  object space 102400K, 44% used [0x00000000e0000000,0x00000000e2c847d0,0x00000000e6400000)
 Metaspace       used 70228K, capacity 75890K, committed 76160K, reserved 1114112K
  class space    used 8700K, capacity 10514K, committed 10624K, reserved 1048576K
}
Event: 245.170 GC heap before
{Heap before GC invocations=21 (full 6):
 PSYoungGen      total 119296K, used 4407K [0x00000000f5580000, 0x00000000fe380000, 0x0000000100000000)
  eden space 94720K, 4% used [0x00000000f5580000,0x00000000f59cdc38,0x00000000fb200000)
  from space 24576K, 0% used [0x00000000fca80000,0x00000000fca80000,0x00000000fe280000)
  to   space 25088K, 0% used [0x00000000fb200000,0x00000000fb200000,0x00000000fca80000)
 ParOldGen       total 102400K, used 45585K [0x00000000e0000000, 0x00000000e6400000, 0x00000000f5580000)
  object space 102400K, 44% used [0x00000000e0000000,0x00000000e2c847d0,0x00000000e6400000)
 Metaspace       used 70241K, capacity 75890K, committed 76160K, reserved 1114112K
  class space    used 8700K, capacity 10514K, committed 10624K, reserved 1048576K
Event: 245.177 GC heap after
Heap after GC invocations=21 (full 6):
 PSYoungGen      total 119808K, used 128K [0x00000000f5580000, 0x00000000fe380000, 0x0000000100000000)
  eden space 94720K, 0% used [0x00000000f5580000,0x00000000f5580000,0x00000000fb200000)
  from space 25088K, 0% used [0x00000000fb200000,0x00000000fb220000,0x00000000fca80000)
  to   space 25088K, 0% used [0x00000000fcb00000,0x00000000fcb00000,0x00000000fe380000)
 ParOldGen       total 102400K, used 45593K [0x00000000e0000000, 0x00000000e6400000, 0x00000000f5580000)
  object space 102400K, 44% used [0x00000000e0000000,0x00000000e2c867d0,0x00000000e6400000)
 Metaspace       used 70241K, capacity 75890K, committed 76160K, reserved 1114112K
  class space    used 8700K, capacity 10514K, committed 10624K, reserved 1048576K
}
Event: 245.177 GC heap before
{Heap before GC invocations=22 (full 7):
 PSYoungGen      total 119808K, used 128K [0x00000000f5580000, 0x00000000fe380000, 0x0000000100000000)
  eden space 94720K, 0% used [0x00000000f5580000,0x00000000f5580000,0x00000000fb200000)
  from space 25088K, 0% used [0x00000000fb200000,0x00000000fb220000,0x00000000fca80000)
  to   space 25088K, 0% used [0x00000000fcb00000,0x00000000fcb00000,0x00000000fe380000)
 ParOldGen       total 102400K, used 45593K [0x00000000e0000000, 0x00000000e6400000, 0x00000000f5580000)
  object space 102400K, 44% used [0x00000000e0000000,0x00000000e2c867d0,0x00000000e6400000)
 Metaspace       used 70241K, capacity 75890K, committed 76160K, reserved 1114112K
  class space    used 8700K, capacity 10514K, committed 10624K, reserved 1048576K
Event: 245.430 GC heap after
Heap after GC invocations=22 (full 7):
 PSYoungGen      total 119808K, used 0K [0x00000000f5580000, 0x00000000fe380000, 0x0000000100000000)
  eden space 94720K, 0% used [0x00000000f5580000,0x00000000f5580000,0x00000000fb200000)
  from space 25088K, 0% used [0x00000000fb200000,0x00000000fb200000,0x00000000fca80000)
  to   space 25088K, 0% used [0x00000000fcb00000,0x00000000fcb00000,0x00000000fe380000)
 ParOldGen       total 102400K, used 45583K [0x00000000e0000000, 0x00000000e6400000, 0x00000000f5580000)
  object space 102400K, 44% used [0x00000000e0000000,0x00000000e2c83c68,0x00000000e6400000)
 Metaspace       used 70241K, capacity 75890K, committed 76160K, reserved 1114112K
  class space    used 8700K, capacity 10514K, committed 10624K, reserved 1048576K
}
Event: 310.592 GC heap before
{Heap before GC invocations=23 (full 7):
 PSYoungGen      total 119808K, used 10638K [0x00000000f5580000, 0x00000000fe380000, 0x0000000100000000)
  eden space 94720K, 11% used [0x00000000f5580000,0x00000000f5fe3928,0x00000000fb200000)
  from space 25088K, 0% used [0x00000000fb200000,0x00000000fb200000,0x00000000fca80000)
  to   space 25088K, 0% used [0x00000000fcb00000,0x00000000fcb00000,0x00000000fe380000)
 ParOldGen       total 102400K, used 45583K [0x00000000e0000000, 0x00000000e6400000, 0x00000000f5580000)
  object space 102400K, 44% used [0x00000000e0000000,0x00000000e2c83c68,0x00000000e6400000)
 Metaspace       used 70707K, capacity 76434K, committed 76672K, reserved 1116160K
  class space    used 8734K, capacity 10546K, committed 10624K, reserved 1048576K
Event: 310.603 GC heap after
Heap after GC invocations=23 (full 7):
 PSYoungGen      total 119296K, used 912K [0x00000000f5580000, 0x00000000fe280000, 0x0000000100000000)
  eden space 95232K, 0% used [0x00000000f5580000,0x00000000f5580000,0x00000000fb280000)
  from space 24064K, 3% used [0x00000000fcb00000,0x00000000fcbe4078,0x00000000fe280000)
  to   space 24576K, 0% used [0x00000000fb280000,0x00000000fb280000,0x00000000fca80000)
 ParOldGen       total 102400K, used 45583K [0x00000000e0000000, 0x00000000e6400000, 0x00000000f5580000)
  object space 102400K, 44% used [0x00000000e0000000,0x00000000e2c83c68,0x00000000e6400000)
 Metaspace       used 70707K, capacity 76434K, committed 76672K, reserved 1116160K
  class space    used 8734K, capacity 10546K, committed 10624K, reserved 1048576K
}
Event: 310.603 GC heap before
{Heap before GC invocations=24 (full 8):
 PSYoungGen      total 119296K, used 912K [0x00000000f5580000, 0x00000000fe280000, 0x0000000100000000)
  eden space 95232K, 0% used [0x00000000f5580000,0x00000000f5580000,0x00000000fb280000)
  from space 24064K, 3% used [0x00000000fcb00000,0x00000000fcbe4078,0x00000000fe280000)
  to   space 24576K, 0% used [0x00000000fb280000,0x00000000fb280000,0x00000000fca80000)
 ParOldGen       total 102400K, used 45583K [0x00000000e0000000, 0x00000000e6400000, 0x00000000f5580000)
  object space 102400K, 44% used [0x00000000e0000000,0x00000000e2c83c68,0x00000000e6400000)
 Metaspace       used 70707K, capacity 76434K, committed 76672K, reserved 1116160K
  class space    used 8734K, capacity 10546K, committed 10624K, reserved 1048576K
Event: 310.942 GC heap after
Heap after GC invocations=24 (full 8):
 PSYoungGen      total 119296K, used 0K [0x00000000f5580000, 0x00000000fe280000, 0x0000000100000000)
  eden space 95232K, 0% used [0x00000000f5580000,0x00000000f5580000,0x00000000fb280000)
  from space 24064K, 0% used [0x00000000fcb00000,0x00000000fcb00000,0x00000000fe280000)
  to   space 24576K, 0% used [0x00000000fb280000,0x00000000fb280000,0x00000000fca80000)
 ParOldGen       total 102400K, used 46338K [0x00000000e0000000, 0x00000000e6400000, 0x00000000f5580000)
  object space 102400K, 45% used [0x00000000e0000000,0x00000000e2d40908,0x00000000e6400000)
 Metaspace       used 70707K, capacity 76434K, committed 76672K, reserved 1116160K
  class space    used 8734K, capacity 10546K, committed 10624K, reserved 1048576K
}

Deoptimization events (10 events):
Event: 341.914 Thread 0x00000000023be800 Uncommon trap: reason=unstable_if action=reinterpret pc=0x00000000037bd41c method=org.eclipse.e4.core.internal.di.InjectorImpl.resolveArgs(Lorg/eclipse/e4/core/internal/di/Requestor;Lorg/eclipse/e4/core/di/suppliers/PrimaryObjectSupplier;Lorg/eclipse/e4/co«MèÀK_u@
Event: 341.956 Thread 0x00000000023be800 Uncommon trap: reason=class_check action=maybe_recompile pc=0x00000000027cda50 method=org.eclipse.emf.ecore.util.EcoreEList.contains(Ljava/lang/Object;)Z @ 53
Event: 342.239 Thread 0x00000000023be800 Uncommon trap: reason=unstable_if action=reinterpret pc=0x0000000003a33c34 method=org.eclipse.swt.widgets.Display.drawMenuBars()V @ 4
Event: 342.239 Thread 0x00000000023be800 Uncommon trap: reason=unstable_if action=reinterpret pc=0x0000000003a2d22c method=org.eclipse.swt.widgets.Display.runDeferredLayouts()Z @ 42
Event: 342.387 Thread 0x00000000023be800 Uncommon trap: reason=unstable_if action=reinterpret pc=0x0000000002721a48 method=java.util.ArrayList.toArray([Ljava/lang/Object;)[Ljava/lang/Object; @ 48
Event: 342.424 Thread 0x00000000023be800 Uncommon trap: reason=unstable_if action=reinterpret pc=0x00000000031780d4 method=org.eclipse.e4.ui.internal.workbench.swt.PartRenderingEngine.someAreVisible(Ljava/util/List;)Z @ 41
Event: 342.427 Thread 0x00000000023be800 Uncommon trap: reason=unstable_if action=reinterpret pc=0x0000000003b269d0 method=org.eclipse.emf.ecore.xmi.impl.StringSegment.add(Ljava/lang/String;)V @ 151
Event: 342.469 Thread 0x00000000023be800 Uncommon trap: reason=unstable_if action=reinterpret pc=0x0000000003ae2bbc method=org.eclipse.emf.ecore.xmi.impl.XMLSaveImpl$Escape.convert(Ljava/lang/String;)Ljava/lang/String; @ 711
Event: 343.270 Thread 0x00000000023be800 Uncommon trap: reason=unstable_if action=reinterpret pc=0x000000000327ccb8 method=org.eclipse.core.runtime.internal.adaptor.EclipseLazyStarter.shouldActivateFor(Ljava/lang/String;Lorg/eclipse/osgi/baseadaptor/BaseData;Lorg/eclipse/core/runtime/internal/ada%Æ…tu@
Event: 343.282 Thread 0x0000000015e50000 Uncommon trap: reason=unstable_if action=reinterpret pc=0x0000000002962390 method=org.eclipse.osgi.framework.internal.core.BundleContextImpl.dispatchEvent(Ljava/lang/Object;Ljava/lang/Object;ILjava/lang/Object;)V @ 16

Internal exceptions (10 events):
Event: 305.591 Thread 0x00000000023be800 Implicit null exception at 0x0000000002a1a553 to 0x0000000002a1aa3d
Event: 341.853 Thread 0x0000000016cd3800 Exception <a 'sun/net/ConnectionResetException': > (0x00000000f5747340) thrown at [C:\re\workspace\8-2-build-windows-amd64-cygwin\jdk8u45\3627\hotspot\src\share\vm\prims\jni.cpp, line 735]
Event: 341.853 Thread 0x0000000016cd3800 Exception <a 'sun/net/ConnectionResetException': > (0x00000000f5747518) thrown at [C:\re\workspace\8-2-build-windows-amd64-cygwin\jdk8u45\3627\hotspot\src\share\vm\prims\jni.cpp, line 735]
Event: 341.854 Thread 0x0000000016cd5000 Exception <a 'java/net/SocketException': Connection reset by peer: socket write error> (0x00000000f5b95610) thrown at [C:\re\workspace\8-2-build-windows-amd64-cygwin\jdk8u45\3627\hotspot\src\share\vm\prims\jni.cpp, line 735]
Event: 341.861 Thread 0x0000000016cd5000 Exception <a 'java/net/SocketException': Socket closed> (0x00000000f5bafdb8) thrown at [C:\re\workspace\8-2-build-windows-amd64-cygwin\jdk8u45\3627\hotspot\src\share\vm\prims\jni.cpp, line 735]
Event: 341.863 Thread 0x000000001b478800 Exception <a 'java/lang/InterruptedException'> (0x00000000f5bcf8d8) thrown at [C:\re\workspace\8-2-build-windows-amd64-cygwin\jdk8u45\3627\hotspot\src\share\vm\runtime\objectMonitor.cpp, line 1683]
Event: 343.490 Thread 0x000000001b47c000 Exception <a 'java/lang/InterruptedException'> (0x00000000f69b5e80) thrown at [C:\re\workspace\8-2-build-windows-amd64-cygwin\jdk8u45\3627\hotspot\src\share\vm\runtime\objectMonitor.cpp, line 1683]
Event: 343.490 Thread 0x0000000016bd7000 Exception <a 'java/lang/InterruptedException'> (0x00000000f69dc9a0) thrown at [C:\re\workspace\8-2-build-windows-amd64-cygwin\jdk8u45\3627\hotspot\src\share\vm\runtime\objectMonitor.cpp, line 1683]
Event: 343.507 Thread 0x0000000015946800 Exception <a 'java/lang/InterruptedException': sleep interrupted> (0x00000000f6b6e840) thrown at [C:\re\workspace\8-2-build-windows-amd64-cygwin\jdk8u45\3627\hotspot\src\share\vm\prims\jvm.cpp, line 3211]
Event: 344.117 Thread 0x0000000015e50000 Exception <a 'java/lang/InterruptedException'> (0x00000000f69b5940) thrown at [C:\re\workspace\8-2-build-windows-amd64-cygwin\jdk8u45\3627\hotspot\src\share\vm\runtime\objectMonitor.cpp, line 1683]

Events (10 events):
Event: 343.824 Thread 0x0000000013a0c800 flushing nmethod 0x00000000037b8b90
Event: 344.117 Thread 0x0000000015e50000 Thread exited: 0x0000000015e50000
Event: 344.118 Thread 0x0000000015cc0000 Thread exited: 0x0000000015cc0000
Event: 344.118 loading class java/util/IdentityHashMap$KeyIterator
Event: 344.118 loading class java/util/IdentityHashMap$IdentityHashMapIterator
Event: 344.118 loading class java/util/IdentityHashMap$IdentityHashMapIterator done
Event: 344.118 loading class java/util/IdentityHashMap$KeyIterator done
Event: 344.119 Thread 0x000000001b469000 Thread added: 0x000000001b469000
Event: 344.119 Thread 0x000000001b469000 Thread exited: 0x000000001b469000
Event: 344.119 Executing VM operation: Exit


Dynamic libraries:
0x0000000000400000 - 0x000000000044f000 	C:\Xilinx\SDK\2015.3\eclipse\win64.o\eclipse.exe
0x0000000077b20000 - 0x0000000077cca000 	C:\Windows\SYSTEM32\ntdll.dll
0x0000000077900000 - 0x0000000077a1f000 	C:\Windows\system32\kernel32.dll
0x000007fefdbe0000 - 0x000007fefdc4b000 	C:\Windows\system32\KERNELBASE.dll
0x0000000077a20000 - 0x0000000077b1a000 	C:\Windows\system32\USER32.dll
0x000007fefe260000 - 0x000007fefe2c7000 	C:\Windows\system32\GDI32.dll
0x000007fefe200000 - 0x000007fefe20e000 	C:\Windows\system32\LPK.dll
0x000007fefe130000 - 0x000007fefe1fa000 	C:\Windows\system32\USP10.dll
0x000007fefe2d0000 - 0x000007fefe36f000 	C:\Windows\system32\msvcrt.dll
0x000007fefbef0000 - 0x000007fefc0e4000 	C:\Windows\WinSxS\amd64_microsoft.windows.common-controls_6595b64144ccf1df_6.0.7601.18837_none_fa3b1e3d17594757\COMCTL32.dll
0x000007feffdb0000 - 0x000007feffe21000 	C:\Windows\system32\SHLWAPI.dll
0x000007fefe100000 - 0x000007fefe12e000 	C:\Windows\system32\IMM32.DLL
0x000007fefdc60000 - 0x000007fefdd69000 	C:\Windows\system32\MSCTF.dll
0x0000000072000000 - 0x0000000072012000 	C:\Xilinx\SDK\2015.3\eclipse\win64.o\plugins\org.eclipse.equinox.launcher.win32.win32.x86_64_1.1.200.v20140116-2212\eclipse_1503.dll
0x000007fefe020000 - 0x000007fefe0fb000 	C:\Windows\system32\ADVAPI32.dll
0x000007feffd90000 - 0x000007feffdaf000 	C:\Windows\SYSTEM32\sechost.dll
0x000007fefe9c0000 - 0x000007fefeaed000 	C:\Windows\system32\RPCRT4.dll
0x000007fefc940000 - 0x000007fefc94c000 	C:\Windows\system32\VERSION.dll
0x000007fefbe40000 - 0x000007fefbe96000 	C:\Windows\system32\uxtheme.dll
0x0000000058970000 - 0x00000000591f3000 	C:\Xilinx\SDK\2015.3\tps\win64\jre\bin\server\jvm.dll
0x000007fef1420000 - 0x000007fef1429000 	C:\Windows\system32\WSOCK32.dll
0x000007fefe210000 - 0x000007fefe25d000 	C:\Windows\system32\WS2_32.dll
0x000007feffce0000 - 0x000007feffce8000 	C:\Windows\system32\NSI.dll
0x000007fef9ed0000 - 0x000007fef9f0b000 	C:\Windows\system32\WINMM.dll
0x0000000077ce0000 - 0x0000000077ce7000 	C:\Windows\system32\PSAPI.DLL
0x000000006d8e0000 - 0x000000006d9b2000 	C:\Windows\system32\MSVCR100.dll
0x000000006dcf0000 - 0x000000006dcff000 	C:\Xilinx\SDK\2015.3\tps\win64\jre\bin\verify.dll
0x000000006dcc0000 - 0x000000006dce9000 	C:\Xilinx\SDK\2015.3\tps\win64\jre\bin\java.dll
0x000000006dca0000 - 0x000000006dcb6000 	C:\Xilinx\SDK\2015.3\tps\win64\jre\bin\zip.dll
0x000007fefeaf0000 - 0x000007feff87a000 	C:\Windows\system32\SHELL32.dll
0x000007fefdd70000 - 0x000007fefdf73000 	C:\Windows\system32\ole32.dll
0x000007fefd8a0000 - 0x000007fefd8af000 	C:\Windows\system32\profapi.dll
0x000007fefd0a0000 - 0x000007fefd0b8000 	C:\Windows\system32\CRYPTSP.dll
0x000007fefcda0000 - 0x000007fefcde7000 	C:\Windows\system32\rsaenh.dll
0x000007fefd8d0000 - 0x000007fefd8ee000 	C:\Windows\system32\USERENV.dll
0x000007fefd6a0000 - 0x000007fefd6af000 	C:\Windows\system32\CRYPTBASE.dll
0x000000006dc80000 - 0x000000006dc9a000 	C:\Xilinx\SDK\2015.3\tps\win64\jre\bin\net.dll
0x000007fefd040000 - 0x000007fefd095000 	C:\Windows\system32\mswsock.dll
0x000007fefd030000 - 0x000007fefd037000 	C:\Windows\System32\wship6.dll
0x000007fefb960000 - 0x000007fefb987000 	C:\Windows\system32\IPHLPAPI.DLL
0x000007fefb820000 - 0x000007fefb82b000 	C:\Windows\system32\WINNSI.DLL
0x000007fefb650000 - 0x000007fefb661000 	C:\Windows\system32\dhcpcsvc6.DLL
0x000007fefb5a0000 - 0x000007fefb5b8000 	C:\Windows\system32\dhcpcsvc.DLL
0x000000006dc60000 - 0x000000006dc71000 	C:\Xilinx\SDK\2015.3\tps\win64\jre\bin\nio.dll
0x000007fefe690000 - 0x000007fefe729000 	C:\Windows\system32\CLBCatQ.DLL
0x000007fefe3d0000 - 0x000007fefe4a8000 	C:\Windows\system32\OLEAUT32.dll
0x000007fefbc40000 - 0x000007fefbc55000 	C:\Windows\system32\NLAapi.dll
0x000007fef1b30000 - 0x000007fef1b45000 	C:\Windows\system32\napinsp.dll
0x000007fef18d0000 - 0x000007fef18e9000 	C:\Windows\system32\pnrpnsp.dll
0x000007fefcec0000 - 0x000007fefcf1b000 	C:\Windows\system32\DNSAPI.dll
0x000007fef1690000 - 0x000007fef169b000 	C:\Windows\System32\winrnr.dll
0x000007fefa370000 - 0x000007fefa39f000 	C:\Program Files\Common Files\Microsoft Shared\Windows Live\WLIDNSP.DLL
0x000007fefca10000 - 0x000007fefca17000 	C:\Windows\System32\wshtcpip.dll
0x000007fefa360000 - 0x000007fefa368000 	C:\Windows\system32\rasadhlp.dll
0x000007fefb750000 - 0x000007fefb7a3000 	C:\Windows\System32\fwpuclnt.dll
0x0000000017a10000 - 0x0000000017ab8000 	C:\Users\Fadime\.Xilinx\SDK\2015.3\org.eclipse.osgi\bundles\303\1\.cp\swt-win32-4335.dll
0x000007feffcf0000 - 0x000007feffd87000 	C:\Windows\system32\comdlg32.dll
0x000007fefa150000 - 0x000007fefa1c1000 	C:\Windows\system32\WINSPOOL.DRV
0x000007fefe730000 - 0x000007fefe9b3000 	C:\Windows\system32\WININET.dll
0x000007fefda30000 - 0x000007fefda34000 	C:\Windows\system32\api-ms-win-downlevel-user32-l1-1-0.dll
0x000007fefda20000 - 0x000007fefda24000 	C:\Windows\system32\api-ms-win-downlevel-shlwapi-l1-1-0.dll
0x000007fefd8f0000 - 0x000007fefd8f4000 	C:\Windows\system32\api-ms-win-downlevel-version-l1-1-0.dll
0x000007fefda60000 - 0x000007fefda63000 	C:\Windows\system32\api-ms-win-downlevel-normaliz-l1-1-0.dll
0x0000000077cf0000 - 0x0000000077cf3000 	C:\Windows\system32\normaliz.DLL
0x000007feffa10000 - 0x000007feffcd8000 	C:\Windows\system32\iertutil.dll
0x000007fefdc50000 - 0x000007fefdc55000 	C:\Windows\system32\api-ms-win-downlevel-advapi32-l1-1-0.dll
0x000007fefda70000 - 0x000007fefdbdd000 	C:\Windows\system32\CRYPT32.dll
0x000007fefd8b0000 - 0x000007fefd8bf000 	C:\Windows\system32\MSASN1.dll
0x000007fefb580000 - 0x000007fefb598000 	C:\Windows\system32\dwmapi.dll
0x000007fefc0f0000 - 0x000007fefc21c000 	C:\Windows\system32\propsys.dll
0x00000000024c0000 - 0x00000000024de000 	C:\Users\Fadime\.Xilinx\SDK\2015.3\org.eclipse.osgi\bundles\303\1\.cp\swt-gdip-win32-4335.dll
0x000007fefba00000 - 0x000007fefbc16000 	C:\Windows\WinSxS\amd64_microsoft.windows.gdiplus_6595b64144ccf1df_1.1.7601.19061_none_2b299db671e86e03\gdiplus.dll
0x000007fefb0e0000 - 0x000007fefb241000 	C:\Windows\system32\WindowsCodecs.dll
0x0000000180000000 - 0x0000000180012000 	C:\Users\Fadime\.Xilinx\SDK\2015.3\org.eclipse.osgi\bundles\121\1\.cp\os\win32\x86_64\localfile_1_0_0.dll
0x000007fefb830000 - 0x000007fefb841000 	C:\Users\Fadime\.Xilinx\SDK\2015.3\org.eclipse.osgi\bundles\124\1\.cp\jWinHttp-1.0.0.dll
0x000007fef93a0000 - 0x000007fef9411000 	C:\Windows\system32\WINHTTP.dll
0x000007fef9320000 - 0x000007fef9384000 	C:\Windows\system32\webio.dll
0x000007fefd660000 - 0x000007fefd685000 	C:\Windows\system32\SspiCli.dll
0x000007fefcc20000 - 0x000007fefcc2a000 	C:\Windows\system32\credssp.dll
0x000007fefd900000 - 0x000007fefd936000 	C:\Windows\system32\CFGMGR32.dll
0x000007fefa840000 - 0x000007fefa894000 	C:\Windows\system32\oleacc.dll
0x000007fefd7f0000 - 0x000007fefd804000 	C:\Windows\system32\RpcRtRemote.dll
0x000007fefd750000 - 0x000007fefd7a7000 	C:\Windows\system32\apphelp.dll
0x000007fef8860000 - 0x000007fef8870000 	C:\Xilinx\SDK\2015.3\lib\win64.o\librdi_repo_manager.dll
0x000007feeac90000 - 0x000007feeacba000 	C:\Xilinx\SDK\2015.3\lib\win64.o\libisl_sysinfo.dll
0x000007feed240000 - 0x000007feed314000 	C:\Windows\system32\MSVCR110.dll
0x000007feed830000 - 0x000007feed8d7000 	C:\Windows\system32\MSVCP110.dll
0x000007fec2b10000 - 0x000007fec349b000 	C:\Xilinx\SDK\2015.3\lib\win64.o\librdi_common.dll
0x000007fec4920000 - 0x000007fec4c8e000 	C:\Xilinx\SDK\2015.3\lib\win64.o\libCOIN-all.dll
0x000007fec6720000 - 0x000007fec693e000 	C:\Xilinx\SDK\2015.3\lib\win64.o\libXil_lmgr11.dll
0x000007fefad60000 - 0x000007fefad76000 	C:\Windows\system32\NETAPI32.dll
0x000007fefad50000 - 0x000007fefad5c000 	C:\Windows\system32\netutils.dll
0x000007fefd2b0000 - 0x000007fefd2d3000 	C:\Windows\system32\srvcli.dll
0x000007fefad30000 - 0x000007fefad45000 	C:\Windows\system32\wkscli.dll
0x000007fefd940000 - 0x000007fefd97b000 	C:\Windows\system32\WINTRUST.dll
0x000007fef4180000 - 0x000007fef4190000 	C:\Xilinx\SDK\2015.3\lib\win64.o\libboost_date_time.dll
0x000007feeac40000 - 0x000007feeac62000 	C:\Xilinx\SDK\2015.3\lib\win64.o\libboost_filesystem.dll
0x000007fef4170000 - 0x000007fef4179000 	C:\Xilinx\SDK\2015.3\lib\win64.o\libboost_system.dll
0x000007fec9840000 - 0x000007fec98b4000 	C:\Xilinx\SDK\2015.3\lib\win64.o\libboost_program_options.dll
0x000007fec8d90000 - 0x000007fec8e8a000 	C:\Xilinx\SDK\2015.3\lib\win64.o\libboost_regex.dll
0x000007feecb40000 - 0x000007feecb53000 	C:\Xilinx\SDK\2015.3\lib\win64.o\libboost_signals.dll
0x000007fec9820000 - 0x000007fec983d000 	C:\Xilinx\SDK\2015.3\lib\win64.o\libboost_thread.dll
0x000007fef1390000 - 0x000007fef139b000 	C:\Xilinx\SDK\2015.3\lib\win64.o\libboost_chrono.dll
0x000007fef0e90000 - 0x000007fef0e9b000 	C:\Xilinx\SDK\2015.3\lib\win64.o\libboost_xilinx.dll
0x000007fec8880000 - 0x000007fec8900000 	C:\Xilinx\SDK\2015.3\lib\win64.o\libhdlpsolve.dll
0x000007fec87e0000 - 0x000007fec887a000 	C:\Xilinx\SDK\2015.3\lib\win64.o\libhdxml.dll
0x000007fec44d0000 - 0x000007fec4918000 	C:\Xilinx\SDK\2015.3\lib\win64.o\libisl_iostreams.dll
0x000007fec8660000 - 0x000007fec8676000 	C:\Xilinx\SDK\2015.3\lib\win64.o\libboost_iostreams.dll
0x000007fec8630000 - 0x000007fec8653000 	C:\Xilinx\SDK\2015.3\lib\win64.o\librdizlib.dll
0x000007fec8600000 - 0x000007fec8623000 	C:\Xilinx\SDK\2015.3\lib\win64.o\libisl_iosutils.dll
0x000007fec85e0000 - 0x000007fec85f5000 	C:\Xilinx\SDK\2015.3\lib\win64.o\pthreadVC2.dll
0x000007fec8520000 - 0x000007fec8574000 	C:\Xilinx\SDK\2015.3\lib\win64.o\librdi_commonxillic.dll
0x000007fec7020000 - 0x000007fec7150000 	C:\Xilinx\SDK\2015.3\lib\win64.o\librdi_curl.dll
0x000007fec85c0000 - 0x000007fec85d8000 	C:\Xilinx\SDK\2015.3\lib\win64.o\librdiconfig.dll
0x000000006d400000 - 0x000000006d527000 	C:\Xilinx\SDK\2015.3\lib\win64.o\tcl85t.dll
0x0000000021550000 - 0x00000000217b3000 	C:\Xilinx\SDK\2015.3\lib\win64.o\xerces-c_3_1.dll
0x000007feff880000 - 0x000007feffa05000 	C:\Windows\system32\urlmon.dll
0x000007fefd8c0000 - 0x000007fefd8c4000 	C:\Windows\system32\api-ms-win-downlevel-ole32-l1-1-0.dll
0x000007feed480000 - 0x000007feed4a3000 	C:\Windows\system32\VCOMP110.DLL
0x000007fec4df0000 - 0x000007fec4fdc000 	C:\Xilinx\SDK\2015.3\lib\win64.o\librdi_hsm.dll
0x000007fec84d0000 - 0x000007fec8513000 	C:\Xilinx\SDK\2015.3\lib\win64.o\librdi_hdf.dll
0x000007fec3ee0000 - 0x000007fec4115000 	C:\Xilinx\SDK\2015.3\lib\win64.o\librdi_ippcw.dll
0x000007fefa6c0000 - 0x000007fefa6c7000 	C:\Windows\system32\msimg32.dll
0x000007febe480000 - 0x000007febec90000 	C:\Xilinx\SDK\2015.3\lib\win64.o\libXil_lmgr11FNP.dll
0x000007fef9390000 - 0x000007fef939b000 	C:\Windows\system32\snmpapi.dll
0x000007fefe4b0000 - 0x000007fefe687000 	C:\Windows\system32\SETUPAPI.dll
0x000007fefda40000 - 0x000007fefda5a000 	C:\Windows\system32\DEVOBJ.dll
0x000000006f0b0000 - 0x000000006f0b3000 	C:\Windows\system32\icmp.Dll

VM Arguments:
jvm_args: -Dcom.xilinx.sdk.args.hwspec=C:/Users/Fadime/Documents/ECE532/PROJECT/NexysVideo-master/Projects/hdmi/proj/hdmi.sdk/hdmi_wrapper.hdf -Xms64m -Xmx512m & 
java_command: <unknown>
java_class_path (initial): C:\Xilinx\SDK\2015.3\eclipse\win64.o\\plugins/org.eclipse.equinox.launcher_1.3.0.v20130327-1440.jar
Launcher Type: generic

Environment Variables:
USERNAME=Fadime
OS=Windows_NT
PROCESSOR_IDENTIFIER=Intel64 Family 6 Model 42 Stepping 7, GenuineIntel



---------------  S Y S T E M  ---------------

OS: Windows 7 , 64 bit Build 7601 (6.1.7601.19160)

CPU:total 4 (2 cores per cpu, 2 threads per core) family 6 model 42 stepping 7, cmov, cx8, fxsr, mmx, sse, sse2, sse3, ssse3, sse4.1, sse4.2, popcnt, avx, clmul, ht, tsc, tscinvbit

Memory: 4k page, physical 4042608k(1129112k free), swap 8110840k(3782032k free)

vm_info: Java HotSpot(TM) 64-Bit Server VM (25.45-b02) for windows-amd64 JRE (1.8.0_45-b15), built on Apr 30 2015 12:40:44 by "java_re" with MS VC++ 10.0 (VS2010)

time: Mon Mar 28 14:51:13 2016
elapsed time: 344 seconds (0d 0h 5m 44s)

