#
# A fatal error has been detected by the Java Runtime Environment:
#
#  EXCEPTION_UNCAUGHT_CXX_EXCEPTION (0xe06d7363) at pc=0x000007fefdbe965d, pid=3540, tid=5772
#
# JRE version: Java(TM) SE Runtime Environment (8.0_45-b15) (build 1.8.0_45-b15)
# Java VM: Java HotSpot(TM) 64-Bit Server VM (25.45-b02 mixed mode windows-amd64 compressed oops)
# Problematic frame:
# C  [KERNELBASE.dll+0x965d]
#
# Failed to write core dump. Minidumps are not enabled by default on client versions of Windows
#
# If you would like to submit a bug report, please visit:
#   http://bugreport.java.com/bugreport/crash.jsp
#

---------------  T H R E A D  ---------------

Current thread (0x0000000013a3e800):  VMThread [stack: 0x0000000014aa0000,0x0000000014ba0000] [id=5772]

siginfo: ExceptionCode=0xe06d7363, ExceptionInformation=0x0000000019930520 0x0000000014b9f6c8 0x000007feece42cb8 0x000007feecd90000 

Registers:
RAX=0x0000000068bb4b58, RBX=0x000007feece42cb8, RCX=0x0000000014b9ef10, RDX=0x00000000000000d0
RSP=0x0000000014b9f520, RBP=0x0000000014b9f650, RSI=0x00000000ffffffff, RDI=0x000000001636ba20
R8 =0x0000000000000000, R9 =0x0000000000000000, R10=0x000007feecd90000, R11=0x0000000014b9f560
R12=0x0000000000000001, R13=0x0000000000000008, R14=0x0000000000000000, R15=0xffffffffffffffff
RIP=0x000007fefdbe965d, EFLAGS=0x0000000000000202

Top of Stack: (sp=0x0000000014b9f520)
0x0000000014b9f520:   000007feece42cb8 00000000ffffffff
0x0000000014b9f530:   000000001636ba20 0000000000301920
0x0000000014b9f540:   00000001e06d7363 0000000000000000
0x0000000014b9f550:   000007fefdbe965d 000007fe00000004
0x0000000014b9f560:   0000000019930520 0000000014b9f6c8
0x0000000014b9f570:   000007feece42cb8 000007feecd90000
0x0000000014b9f580:   0000000000000000 0000000014b9f608
0x0000000014b9f590:   0000000000000028 000000001636ba10
0x0000000014b9f5a0:   0000000016366650 0000000000000000
0x0000000014b9f5b0:   000007fffffae000 0000000077b70bb3
0x0000000014b9f5c0:   0000000000000000 0000000000000008
0x0000000014b9f5d0:   0000000000000001 000000001636ba20
0x0000000014b9f5e0:   00000000ffffffff 000007feecdee92c
0x0000000014b9f5f0:   000007feece42cb8 0000000014b9f660
0x0000000014b9f600:   0000000000000001 000007feecd900f8
0x0000000014b9f610:   00000001e06d7363 0000000000000000 

Instructions: (pc=0x000007fefdbe965d)
0x000007fefdbe963d:   54 24 24 48 89 4c 24 28 4d 85 c9 0f 85 5a 1a 01
0x000007fefdbe964d:   00 89 4c 24 38 48 8d 4c 24 20 ff 15 43 1c 04 00
0x000007fefdbe965d:   48 81 c4 c8 00 00 00 c3 90 90 90 90 90 90 90 90
0x000007fefdbe966d:   90 90 90 48 8b c4 48 89 58 08 48 89 68 10 48 89 


Register to memory mapping:

RAX=0x0000000068bb4b58 is an unknown value
RBX=0x000007feece42cb8 is an unknown value
RCX=0x0000000014b9ef10 is an unknown value
RDX=0x00000000000000d0 is an unknown value
RSP=0x0000000014b9f520 is an unknown value
RBP=0x0000000014b9f650 is an unknown value
RSI=0x00000000ffffffff is an unallocated location in the heap
RDI=0x000000001636ba20 is an unknown value
R8 =0x0000000000000000 is an unknown value
R9 =0x0000000000000000 is an unknown value
R10=0x000007feecd90000 is an unknown value
R11=0x0000000014b9f560 is an unknown value
R12=0x0000000000000001 is an unknown value
R13=0x0000000000000008 is an unknown value
R14=0x0000000000000000 is an unknown value
R15=0xffffffffffffffff is an unknown value


Stack: [0x0000000014aa0000,0x0000000014ba0000],  sp=0x0000000014b9f520,  free space=1021k
Native frames: (J=compiled Java code, j=interpreted, Vv=VM code, C=native code)
C  [KERNELBASE.dll+0x965d]
C  [MSVCR110.dll+0x5e92c]
C  [MSVCR110.dll+0x1315c]
C  [MSVCR110.dll+0x136a9]
C  [MSVCR110.dll+0x13e9c]
C  [MSVCR110.dll+0x239e]
C  [MSVCR110.dll+0xaf9e]
C  [MSVCP110.dll+0x397b9]
C  [librdi_common.dll+0x141c4e]
C  [librdi_common.dll+0x140859]
C  0x000007feed862400
C  0x000007feed862682
C  [ntdll.dll+0x235f1]
C  [ntdll.dll+0x23400]
C  [MSVCR100.dll+0x20ccd]
V  [jvm.dll+0x20f135]
V  [jvm.dll+0x247ef7]
V  [jvm.dll+0x247196]
V  [jvm.dll+0x247631]
V  [jvm.dll+0x24784e]
V  [jvm.dll+0x29853a]
C  [MSVCR100.dll+0x21d9f]
C  [MSVCR100.dll+0x21e3b]
C  [kernel32.dll+0x159ed]
C  [ntdll.dll+0x2b371]

VM_Operation (0x000000000012f500): Exit, mode: safepoint, requested by thread 0x00000000025de800


---------------  P R O C E S S  ---------------

Java Threads: ( => current thread )
  0x000000001ae91000 JavaThread "pool-2-thread-10" [_thread_blocked, id=6284, stack(0x0000000025e80000,0x0000000025f80000)]
  0x000000001b184000 JavaThread "pool-2-thread-9" [_thread_blocked, id=2924, stack(0x0000000025c80000,0x0000000025d80000)]
  0x0000000017396000 JavaThread "pool-2-thread-8" [_thread_blocked, id=6164, stack(0x0000000025a80000,0x0000000025b80000)]
  0x0000000019776000 JavaThread "pool-2-thread-7" [_thread_blocked, id=4560, stack(0x00000000256f0000,0x00000000257f0000)]
  0x000000001b17f000 JavaThread "pool-2-thread-6" [_thread_blocked, id=3388, stack(0x0000000022330000,0x0000000022430000)]
  0x000000001c11d800 JavaThread "pool-2-thread-5" [_thread_blocked, id=516, stack(0x000000001eea0000,0x000000001efa0000)]
  0x0000000019779800 JavaThread "pool-2-thread-4" [_thread_blocked, id=976, stack(0x00000000250f0000,0x00000000251f0000)]
  0x0000000019777800 JavaThread "pool-2-thread-3" [_thread_blocked, id=2140, stack(0x00000000251f0000,0x00000000252f0000)]
  0x0000000019e24000 JavaThread "pool-2-thread-2" [_thread_blocked, id=5760, stack(0x000000001eda0000,0x000000001eea0000)]
  0x0000000019e22800 JavaThread "pool-2-thread-1" [_thread_blocked, id=3424, stack(0x0000000024ff0000,0x00000000250f0000)]
  0x0000000019e1f800 JavaThread "Thread-28" daemon [_thread_blocked, id=6704, stack(0x0000000024cf0000,0x0000000024df0000)]
  0x000000001739d000 JavaThread "TCF Locator DNS Lookup" daemon [_thread_blocked, id=5328, stack(0x000000001f970000,0x000000001fa70000)]
  0x000000001739c000 JavaThread "TCF Locator Timer" daemon [_thread_blocked, id=5308, stack(0x000000001f3b0000,0x000000001f4b0000)]
  0x0000000017399000 JavaThread "TCF Locator Receiver" daemon [_thread_in_native, id=6984, stack(0x000000001bd50000,0x000000001be50000)]
  0x000000001739a800 JavaThread "TCF Timer Dispatcher" daemon [_thread_blocked, id=5876, stack(0x000000001bb50000,0x000000001bc50000)]
  0x0000000016c68000 JavaThread "EMF Reference Cleaner" daemon [_thread_blocked, id=3064, stack(0x00000000187d0000,0x00000000188d0000)]
  0x0000000013aaf800 JavaThread "Service Thread" daemon [_thread_blocked, id=6416, stack(0x00000000156a0000,0x00000000157a0000)]
  0x0000000014daa800 JavaThread "C1 CompilerThread2" daemon [_thread_blocked, id=4804, stack(0x00000000155a0000,0x00000000156a0000)]
  0x0000000014da9800 JavaThread "C2 CompilerThread1" daemon [_thread_blocked, id=4228, stack(0x00000000154a0000,0x00000000155a0000)]
  0x0000000014da7000 JavaThread "C2 CompilerThread0" daemon [_thread_blocked, id=6280, stack(0x00000000153a0000,0x00000000154a0000)]
  0x0000000014da2800 JavaThread "Attach Listener" daemon [_thread_blocked, id=2120, stack(0x00000000152a0000,0x00000000153a0000)]
  0x0000000014dac000 JavaThread "Signal Dispatcher" daemon [_thread_blocked, id=6172, stack(0x00000000151a0000,0x00000000152a0000)]
  0x0000000013a4a800 JavaThread "Finalizer" daemon [_thread_blocked, id=6692, stack(0x0000000014ca0000,0x0000000014da0000)]
  0x0000000013a44000 JavaThread "Reference Handler" daemon [_thread_blocked, id=2744, stack(0x0000000014ba0000,0x0000000014ca0000)]
  0x00000000025de800 JavaThread "main" [_thread_blocked, id=2284, stack(0x0000000000030000,0x0000000000130000)]

Other Threads:
=>0x0000000013a3e800 VMThread [stack: 0x0000000014aa0000,0x0000000014ba0000] [id=5772]

VM state:at safepoint (shutting down)

VM Mutex/Monitor currently owned by a thread:  ([mutex/lock_event])
[0x0000000002618980] Threads_lock - owner thread: 0x0000000013a3e800

Heap:
 PSYoungGen      total 113152K, used 84368K [0x00000000f5580000, 0x00000000fcc00000, 0x0000000100000000)
  eden space 105984K, 79% used [0x00000000f5580000,0x00000000fa7e4368,0x00000000fbd00000)
  from space 7168K, 0% used [0x00000000fc500000,0x00000000fc500000,0x00000000fcc00000)
  to   space 7680K, 0% used [0x00000000fbd00000,0x00000000fbd00000,0x00000000fc480000)
 ParOldGen       total 94720K, used 40310K [0x00000000e0000000, 0x00000000e5c80000, 0x00000000f5580000)
  object space 94720K, 42% used [0x00000000e0000000,0x00000000e275da50,0x00000000e5c80000)
 Metaspace       used 83912K, capacity 90400K, committed 90624K, reserved 1128448K
  class space    used 9776K, capacity 11943K, committed 12032K, reserved 1048576K

Card table byte_map: [0x0000000011aa0000,0x0000000011bb0000] byte_map_base: 0x00000000113a0000

Marking Bits: (ParMarkBitMap*) 0x0000000055b54040
 Begin Bits: [0x0000000011fb0000, 0x00000000127b0000)
 End Bits:   [0x00000000127b0000, 0x0000000012fb0000)

Polling page: 0x00000000003a0000

CodeCache: size=245760Kb used=53344Kb max_used=53351Kb free=192415Kb
 bounds [0x00000000026e0000, 0x0000000005b60000, 0x00000000116e0000]
 total_blobs=14546 nmethods=13689 adapters=762
 compilation: enabled

Compilation events (10 events):
Event: 3866.604 Thread 0x0000000014daa800 17936       1       org.eclipse.osgi.internal.loader.BundleLoaderProxy::getBundleData (5 bytes)
Event: 3866.604 Thread 0x0000000014daa800 nmethod 17936 0x0000000005b21bd0 code [0x0000000005b21d20, 0x0000000005b21e30]
Event: 3866.604 Thread 0x0000000014daa800 17935       1       org.eclipse.osgi.internal.loader.BundleLoaderProxy::getBasicBundleLoader (5 bytes)
Event: 3866.604 Thread 0x0000000014daa800 nmethod 17935 0x0000000005b3aa10 code [0x0000000005b3ab60, 0x0000000005b3ac70]
Event: 3866.941 Thread 0x0000000014daa800 17937   !   3       org.eclipse.osgi.internal.baseadaptor.BaseStorage::compact (215 bytes)
Event: 3866.944 Thread 0x0000000014daa800 nmethod 17937 0x0000000005b55890 code [0x0000000005b55ce0, 0x0000000005b581a8]
Event: 3866.981 Thread 0x0000000014da7000 17938       4       java.io.File::isDirectory (43 bytes)
Event: 3866.987 Thread 0x0000000014da7000 nmethod 17938 0x0000000002de4450 code [0x0000000002de45a0, 0x0000000002de47a8]
Event: 3867.366 Thread 0x0000000014daa800 17939       3       org.eclipse.osgi.framework.internal.core.AbstractBundle::close (52 bytes)
Event: 3867.367 Thread 0x0000000014daa800 nmethod 17939 0x0000000005b59ad0 code [0x0000000005b59d00, 0x0000000005b5aa08]

GC Heap History (10 events):
Event: 3374.056 GC heap before
{Heap before GC invocations=71 (full 21):
 PSYoungGen      total 114176K, used 128K [0x00000000f5580000, 0x00000000fcd00000, 0x0000000100000000)
  eden space 105984K, 0% used [0x00000000f5580000,0x00000000f5580000,0x00000000fbd00000)
  from space 8192K, 1% used [0x00000000fc500000,0x00000000fc520000,0x00000000fcd00000)
  to   space 8192K, 0% used [0x00000000fbd00000,0x00000000fbd00000,0x00000000fc500000)
 ParOldGen       total 94720K, used 40465K [0x00000000e0000000, 0x00000000e5c80000, 0x00000000f5580000)
  object space 94720K, 42% used [0x00000000e0000000,0x00000000e2784770,0x00000000e5c80000)
 Metaspace       used 82912K, capacity 89354K, committed 89600K, reserved 1126400K
  class space    used 9668K, capacity 11748K, committed 11776K, reserved 1048576K
Event: 3374.296 GC heap after
Heap after GC invocations=71 (full 21):
 PSYoungGen      total 114176K, used 0K [0x00000000f5580000, 0x00000000fcd00000, 0x0000000100000000)
  eden space 105984K, 0% used [0x00000000f5580000,0x00000000f5580000,0x00000000fbd00000)
  from space 8192K, 0% used [0x00000000fc500000,0x00000000fc500000,0x00000000fcd00000)
  to   space 8192K, 0% used [0x00000000fbd00000,0x00000000fbd00000,0x00000000fc500000)
 ParOldGen       total 94720K, used 40310K [0x00000000e0000000, 0x00000000e5c80000, 0x00000000f5580000)
  object space 94720K, 42% used [0x00000000e0000000,0x00000000e275d8d8,0x00000000e5c80000)
 Metaspace       used 82912K, capacity 89354K, committed 89600K, reserved 1126400K
  class space    used 9668K, capacity 11748K, committed 11776K, reserved 1048576K
}
Event: 3439.143 GC heap before
{Heap before GC invocations=72 (full 21):
 PSYoungGen      total 114176K, used 7438K [0x00000000f5580000, 0x00000000fcd00000, 0x0000000100000000)
  eden space 105984K, 7% used [0x00000000f5580000,0x00000000f5cc3ac8,0x00000000fbd00000)
  from space 8192K, 0% used [0x00000000fc500000,0x00000000fc500000,0x00000000fcd00000)
  to   space 8192K, 0% used [0x00000000fbd00000,0x00000000fbd00000,0x00000000fc500000)
 ParOldGen       total 94720K, used 40310K [0x00000000e0000000, 0x00000000e5c80000, 0x00000000f5580000)
  object space 94720K, 42% used [0x00000000e0000000,0x00000000e275d8d8,0x00000000e5c80000)
 Metaspace       used 82924K, capacity 89354K, committed 89600K, reserved 1126400K
  class space    used 9668K, capacity 11748K, committed 11776K, reserved 1048576K
Event: 3439.151 GC heap after
Heap after GC invocations=72 (full 21):
 PSYoungGen      total 114176K, used 256K [0x00000000f5580000, 0x00000000fcd00000, 0x0000000100000000)
  eden space 105984K, 0% used [0x00000000f5580000,0x00000000f5580000,0x00000000fbd00000)
  from space 8192K, 3% used [0x00000000fbd00000,0x00000000fbd40000,0x00000000fc500000)
  to   space 8192K, 0% used [0x00000000fc500000,0x00000000fc500000,0x00000000fcd00000)
 ParOldGen       total 94720K, used 40310K [0x00000000e0000000, 0x00000000e5c80000, 0x00000000f5580000)
  object space 94720K, 42% used [0x00000000e0000000,0x00000000e275d8d8,0x00000000e5c80000)
 Metaspace       used 82924K, capacity 89354K, committed 89600K, reserved 1126400K
  class space    used 9668K, capacity 11748K, committed 11776K, reserved 1048576K
}
Event: 3439.151 GC heap before
{Heap before GC invocations=73 (full 22):
 PSYoungGen      total 114176K, used 256K [0x00000000f5580000, 0x00000000fcd00000, 0x0000000100000000)
  eden space 105984K, 0% used [0x00000000f5580000,0x00000000f5580000,0x00000000fbd00000)
  from space 8192K, 3% used [0x00000000fbd00000,0x00000000fbd40000,0x00000000fc500000)
  to   space 8192K, 0% used [0x00000000fc500000,0x00000000fc500000,0x00000000fcd00000)
 ParOldGen       total 94720K, used 40310K [0x00000000e0000000, 0x00000000e5c80000, 0x00000000f5580000)
  object space 94720K, 42% used [0x00000000e0000000,0x00000000e275d8d8,0x00000000e5c80000)
 Metaspace       used 82924K, capacity 89354K, committed 89600K, reserved 1126400K
  class space    used 9668K, capacity 11748K, committed 11776K, reserved 1048576K
Event: 3439.372 GC heap after
Heap after GC invocations=73 (full 22):
 PSYoungGen      total 114176K, used 0K [0x00000000f5580000, 0x00000000fcd00000, 0x0000000100000000)
  eden space 105984K, 0% used [0x00000000f5580000,0x00000000f5580000,0x00000000fbd00000)
  from space 8192K, 0% used [0x00000000fbd00000,0x00000000fbd00000,0x00000000fc500000)
  to   space 8192K, 0% used [0x00000000fc500000,0x00000000fc500000,0x00000000fcd00000)
 ParOldGen       total 94720K, used 40329K [0x00000000e0000000, 0x00000000e5c80000, 0x00000000f5580000)
  object space 94720K, 42% used [0x00000000e0000000,0x00000000e27626c0,0x00000000e5c80000)
 Metaspace       used 82924K, capacity 89354K, committed 89600K, reserved 1126400K
  class space    used 9668K, capacity 11748K, committed 11776K, reserved 1048576K
}
Event: 3499.155 GC heap before
{Heap before GC invocations=74 (full 22):
 PSYoungGen      total 114176K, used 3798K [0x00000000f5580000, 0x00000000fcd00000, 0x0000000100000000)
  eden space 105984K, 3% used [0x00000000f5580000,0x00000000f5935b68,0x00000000fbd00000)
  from space 8192K, 0% used [0x00000000fbd00000,0x00000000fbd00000,0x00000000fc500000)
  to   space 8192K, 0% used [0x00000000fc500000,0x00000000fc500000,0x00000000fcd00000)
 ParOldGen       total 94720K, used 40329K [0x00000000e0000000, 0x00000000e5c80000, 0x00000000f5580000)
  object space 94720K, 42% used [0x00000000e0000000,0x00000000e27626c0,0x00000000e5c80000)
 Metaspace       used 82936K, capacity 89354K, committed 89600K, reserved 1126400K
  class space    used 9668K, capacity 11748K, committed 11776K, reserved 1048576K
Event: 3499.165 GC heap after
Heap after GC invocations=74 (full 22):
 PSYoungGen      total 113152K, used 192K [0x00000000f5580000, 0x00000000fcc00000, 0x0000000100000000)
  eden space 105984K, 0% used [0x00000000f5580000,0x00000000f5580000,0x00000000fbd00000)
  from space 7168K, 2% used [0x00000000fc500000,0x00000000fc530000,0x00000000fcc00000)
  to   space 7680K, 0% used [0x00000000fbd00000,0x00000000fbd00000,0x00000000fc480000)
 ParOldGen       total 94720K, used 40337K [0x00000000e0000000, 0x00000000e5c80000, 0x00000000f5580000)
  object space 94720K, 42% used [0x00000000e0000000,0x00000000e27646c0,0x00000000e5c80000)
 Metaspace       used 82936K, capacity 89354K, committed 89600K, reserved 1126400K
  class space    used 9668K, capacity 11748K, committed 11776K, reserved 1048576K
}
Event: 3499.165 GC heap before
{Heap before GC invocations=75 (full 23):
 PSYoungGen      total 113152K, used 192K [0x00000000f5580000, 0x00000000fcc00000, 0x0000000100000000)
  eden space 105984K, 0% used [0x00000000f5580000,0x00000000f5580000,0x00000000fbd00000)
  from space 7168K, 2% used [0x00000000fc500000,0x00000000fc530000,0x00000000fcc00000)
  to   space 7680K, 0% used [0x00000000fbd00000,0x00000000fbd00000,0x00000000fc480000)
 ParOldGen       total 94720K, used 40337K [0x00000000e0000000, 0x00000000e5c80000, 0x00000000f5580000)
  object space 94720K, 42% used [0x00000000e0000000,0x00000000e27646c0,0x00000000e5c80000)
 Metaspace       used 82936K, capacity 89354K, committed 89600K, reserved 1126400K
  class space    used 9668K, capacity 11748K, committed 11776K, reserved 1048576K
Event: 3499.335 GC heap after
Heap after GC invocations=75 (full 23):
 PSYoungGen      total 113152K, used 0K [0x00000000f5580000, 0x00000000fcc00000, 0x0000000100000000)
  eden space 105984K, 0% used [0x00000000f5580000,0x00000000f5580000,0x00000000fbd00000)
  from space 7168K, 0% used [0x00000000fc500000,0x00000000fc500000,0x00000000fcc00000)
  to   space 7680K, 0% used [0x00000000fbd00000,0x00000000fbd00000,0x00000000fc480000)
 ParOldGen       total 94720K, used 40310K [0x00000000e0000000, 0x00000000e5c80000, 0x00000000f5580000)
  object space 94720K, 42% used [0x00000000e0000000,0x00000000e275da50,0x00000000e5c80000)
 Metaspace       used 82936K, capacity 89354K, committed 89600K, reserved 1126400K
  class space    used 9668K, capacity 11748K, committed 11776K, reserved 1048576K
}

Deoptimization events (10 events):
Event: 3866.532 Thread 0x00000000025de800 Uncommon trap: reason=bimorphic action=maybe_recompile pc=0x0000000003e992b4 method=org.eclipse.core.internal.dtree.AbstractDataTreeNode.assembleWith([Lorg/eclipse/core/internal/dtree/AbstractDataTreeNode;[Lorg/eclipse/core/internal/dtree/AbstractDataTreeN^¢£5®@
Event: 3866.532 Thread 0x00000000025de800 Uncommon trap: reason=bimorphic action=maybe_recompile pc=0x0000000003e992b4 method=org.eclipse.core.internal.dtree.AbstractDataTreeNode.assembleWith([Lorg/eclipse/core/internal/dtree/AbstractDataTreeNode;[Lorg/eclipse/core/internal/dtree/AbstractDataTreeNh¨`5®@
Event: 3866.538 Thread 0x00000000025de800 Uncommon trap: reason=bimorphic action=maybe_recompile pc=0x0000000005765714 method=org.eclipse.core.internal.resources.Resource.checkLocal(II)V @ 3
Event: 3866.584 Thread 0x000000001c364000 Uncommon trap: reason=unstable_if action=reinterpret pc=0x0000000004a50350 method=org.eclipse.core.internal.jobs.JobManager.nextJob()Lorg/eclipse/core/runtime/jobs/Job; @ 80
Event: 3866.584 Thread 0x000000001c364000 Uncommon trap: reason=unstable_if action=reinterpret pc=0x0000000004682b84 method=org.eclipse.core.internal.jobs.WorkerPool.startJob(Lorg/eclipse/core/internal/jobs/Worker;)Lorg/eclipse/core/internal/jobs/InternalJob; @ 177
Event: 3866.584 Thread 0x000000001977a800 Uncommon trap: reason=unstable_if action=reinterpret pc=0x0000000004682b84 method=org.eclipse.core.internal.jobs.WorkerPool.startJob(Lorg/eclipse/core/internal/jobs/Worker;)Lorg/eclipse/core/internal/jobs/InternalJob; @ 177
Event: 3866.590 Thread 0x000000001c11c800 Uncommon trap: reason=unstable_if action=reinterpret pc=0x0000000004682b84 method=org.eclipse.core.internal.jobs.WorkerPool.startJob(Lorg/eclipse/core/internal/jobs/Worker;)Lorg/eclipse/core/internal/jobs/InternalJob; @ 177
Event: 3866.594 Thread 0x000000001b182800 Uncommon trap: reason=unstable_if action=reinterpret pc=0x0000000004682b84 method=org.eclipse.core.internal.jobs.WorkerPool.startJob(Lorg/eclipse/core/internal/jobs/Worker;)Lorg/eclipse/core/internal/jobs/InternalJob; @ 177
Event: 3866.595 Thread 0x000000001b185800 Uncommon trap: reason=unstable_if action=reinterpret pc=0x0000000004682b84 method=org.eclipse.core.internal.jobs.WorkerPool.startJob(Lorg/eclipse/core/internal/jobs/Worker;)Lorg/eclipse/core/internal/jobs/InternalJob; @ 177
Event: 3867.366 Thread 0x00000000025de800 Uncommon trap: reason=unstable_if action=reinterpret pc=0x00000000055ab85c method=sun.reflect.UnsafeStaticObjectFieldAccessorImpl.set(Ljava/lang/Object;Ljava/lang/Object;)V @ 13

Internal exceptions (10 events):
Event: 3864.913 Thread 0x000000001977a800 Implicit null exception at 0x00000000058bd7d9 to 0x00000000058beec9
Event: 3865.341 Thread 0x0000000019e1d000 Exception <a 'java/lang/InterruptedException'> (0x00000000fa1f5b70) thrown at [C:\re\workspace\8-2-build-windows-amd64-cygwin\jdk8u45\3627\hotspot\src\share\vm\runtime\objectMonitor.cpp, line 1683]
Event: 3865.853 Thread 0x00000000025de800 Implicit null exception at 0x0000000005a79924 to 0x0000000005a7af72
Event: 3865.855 Thread 0x00000000025de800 Implicit null exception at 0x0000000005a74637 to 0x0000000005a75938
Event: 3866.520 Thread 0x00000000025de800 Exception <a 'java/lang/NullPointerException'> (0x00000000fa3d39f8) thrown at [C:\re\workspace\8-2-build-windows-amd64-cygwin\jdk8u45\3627\hotspot\src\share\vm\prims\jvm.cpp, line 1386]
Event: 3866.612 Thread 0x00000000150e3000 Exception <a 'java/lang/InterruptedException': sleep interrupted> (0x00000000f7c1d880) thrown at [C:\re\workspace\8-2-build-windows-amd64-cygwin\jdk8u45\3627\hotspot\src\share\vm\prims\jvm.cpp, line 3211]
Event: 3866.613 Thread 0x0000000015e8f000 Exception <a 'java/lang/InterruptedException'> (0x00000000fa5bf7d8) thrown at [C:\re\workspace\8-2-build-windows-amd64-cygwin\jdk8u45\3627\hotspot\src\share\vm\runtime\objectMonitor.cpp, line 1683]
Event: 3866.615 Thread 0x0000000015e12800 Exception <a 'java/lang/InterruptedException'> (0x00000000fa5ea8d0) thrown at [C:\re\workspace\8-2-build-windows-amd64-cygwin\jdk8u45\3627\hotspot\src\share\vm\runtime\objectMonitor.cpp, line 1683]
Event: 3867.366 Thread 0x00000000025de800 Implicit null exception at 0x00000000055ab537 to 0x00000000055ab849
Event: 3867.368 Thread 0x0000000015e66000 Exception <a 'java/lang/InterruptedException'> (0x00000000fa522ab8) thrown at [C:\re\workspace\8-2-build-windows-amd64-cygwin\jdk8u45\3627\hotspot\src\share\vm\runtime\objectMonitor.cpp, line 1683]

Events (10 events):
Event: 3867.366 Thread 0x00000000025de800 DEOPT UNPACKING pc=0x000000000272582a sp=0x000000000012ea38 mode 2
Event: 3867.367 loading class java/util/IdentityHashMap$KeyIterator
Event: 3867.367 loading class java/util/IdentityHashMap$IdentityHashMapIterator
Event: 3867.367 loading class java/util/IdentityHashMap$IdentityHashMapIterator done
Event: 3867.367 loading class java/util/IdentityHashMap$KeyIterator done
Event: 3867.367 Thread 0x000000001c362000 Thread added: 0x000000001c362000
Event: 3867.368 Thread 0x0000000015b45800 Thread exited: 0x0000000015b45800
Event: 3867.368 Thread 0x0000000015e66000 Thread exited: 0x0000000015e66000
Event: 3867.368 Thread 0x000000001c362000 Thread exited: 0x000000001c362000
Event: 3867.369 Executing VM operation: Exit


Dynamic libraries:
0x0000000000400000 - 0x000000000044f000 	C:\Xilinx\SDK\2015.3\eclipse\win64.o\eclipse.exe
0x0000000077b20000 - 0x0000000077cca000 	C:\Windows\SYSTEM32\ntdll.dll
0x0000000077900000 - 0x0000000077a1f000 	C:\Windows\system32\kernel32.dll
0x000007fefdbe0000 - 0x000007fefdc4b000 	C:\Windows\system32\KERNELBASE.dll
0x0000000077a20000 - 0x0000000077b1a000 	C:\Windows\system32\USER32.dll
0x000007fefe260000 - 0x000007fefe2c7000 	C:\Windows\system32\GDI32.dll
0x000007fefe200000 - 0x000007fefe20e000 	C:\Windows\system32\LPK.dll
0x000007fefe130000 - 0x000007fefe1fa000 	C:\Windows\system32\USP10.dll
0x000007fefe2d0000 - 0x000007fefe36f000 	C:\Windows\system32\msvcrt.dll
0x000007fefbef0000 - 0x000007fefc0e4000 	C:\Windows\WinSxS\amd64_microsoft.windows.common-controls_6595b64144ccf1df_6.0.7601.18837_none_fa3b1e3d17594757\COMCTL32.dll
0x000007feffdb0000 - 0x000007feffe21000 	C:\Windows\system32\SHLWAPI.dll
0x000007fefe100000 - 0x000007fefe12e000 	C:\Windows\system32\IMM32.DLL
0x000007fefdc60000 - 0x000007fefdd69000 	C:\Windows\system32\MSCTF.dll
0x0000000072000000 - 0x0000000072012000 	C:\Xilinx\SDK\2015.3\eclipse\win64.o\plugins\org.eclipse.equinox.launcher.win32.win32.x86_64_1.1.200.v20140116-2212\eclipse_1503.dll
0x000007fefe020000 - 0x000007fefe0fb000 	C:\Windows\system32\ADVAPI32.dll
0x000007feffd90000 - 0x000007feffdaf000 	C:\Windows\SYSTEM32\sechost.dll
0x000007fefe9c0000 - 0x000007fefeaed000 	C:\Windows\system32\RPCRT4.dll
0x000007fefc940000 - 0x000007fefc94c000 	C:\Windows\system32\VERSION.dll
0x000007fefbe40000 - 0x000007fefbe96000 	C:\Windows\system32\uxtheme.dll
0x0000000055350000 - 0x0000000055bd3000 	C:\Xilinx\SDK\2015.3\tps\win64\jre\bin\server\jvm.dll
0x000007fef1420000 - 0x000007fef1429000 	C:\Windows\system32\WSOCK32.dll
0x000007fefe210000 - 0x000007fefe25d000 	C:\Windows\system32\WS2_32.dll
0x000007feffce0000 - 0x000007feffce8000 	C:\Windows\system32\NSI.dll
0x000007fef9ed0000 - 0x000007fef9f0b000 	C:\Windows\system32\WINMM.dll
0x0000000077ce0000 - 0x0000000077ce7000 	C:\Windows\system32\PSAPI.DLL
0x000000006d0f0000 - 0x000000006d1c2000 	C:\Windows\system32\MSVCR100.dll
0x000000006de70000 - 0x000000006de7f000 	C:\Xilinx\SDK\2015.3\tps\win64\jre\bin\verify.dll
0x000000006dbd0000 - 0x000000006dbf9000 	C:\Xilinx\SDK\2015.3\tps\win64\jre\bin\java.dll
0x000000006dc10000 - 0x000000006dc26000 	C:\Xilinx\SDK\2015.3\tps\win64\jre\bin\zip.dll
0x000007fefeaf0000 - 0x000007feff87a000 	C:\Windows\system32\SHELL32.dll
0x000007fefdd70000 - 0x000007fefdf73000 	C:\Windows\system32\ole32.dll
0x000007fefd8a0000 - 0x000007fefd8af000 	C:\Windows\system32\profapi.dll
0x000007fefd0a0000 - 0x000007fefd0b8000 	C:\Windows\system32\CRYPTSP.dll
0x000007fefcda0000 - 0x000007fefcde7000 	C:\Windows\system32\rsaenh.dll
0x000007fefd8d0000 - 0x000007fefd8ee000 	C:\Windows\system32\USERENV.dll
0x000007fefd6a0000 - 0x000007fefd6af000 	C:\Windows\system32\CRYPTBASE.dll
0x000000006dbb0000 - 0x000000006dbca000 	C:\Xilinx\SDK\2015.3\tps\win64\jre\bin\net.dll
0x000007fefd040000 - 0x000007fefd095000 	C:\Windows\system32\mswsock.dll
0x000007fefd030000 - 0x000007fefd037000 	C:\Windows\System32\wship6.dll
0x000007fefb960000 - 0x000007fefb987000 	C:\Windows\system32\IPHLPAPI.DLL
0x000007fefb820000 - 0x000007fefb82b000 	C:\Windows\system32\WINNSI.DLL
0x000007fefb650000 - 0x000007fefb661000 	C:\Windows\system32\dhcpcsvc6.DLL
0x000007fefb5a0000 - 0x000007fefb5b8000 	C:\Windows\system32\dhcpcsvc.DLL
0x000000006d440000 - 0x000000006d451000 	C:\Xilinx\SDK\2015.3\tps\win64\jre\bin\nio.dll
0x000007fefe690000 - 0x000007fefe729000 	C:\Windows\system32\CLBCatQ.DLL
0x000007fefe3d0000 - 0x000007fefe4a8000 	C:\Windows\system32\OLEAUT32.dll
0x000007fefbc40000 - 0x000007fefbc55000 	C:\Windows\system32\NLAapi.dll
0x000007fef1b30000 - 0x000007fef1b45000 	C:\Windows\system32\napinsp.dll
0x000007fef18d0000 - 0x000007fef18e9000 	C:\Windows\system32\pnrpnsp.dll
0x000007fefcec0000 - 0x000007fefcf1b000 	C:\Windows\system32\DNSAPI.dll
0x000007fef1690000 - 0x000007fef169b000 	C:\Windows\System32\winrnr.dll
0x000007fefa370000 - 0x000007fefa39f000 	C:\Program Files\Common Files\Microsoft Shared\Windows Live\WLIDNSP.DLL
0x000007fefca10000 - 0x000007fefca17000 	C:\Windows\System32\wshtcpip.dll
0x000007fefa360000 - 0x000007fefa368000 	C:\Windows\system32\rasadhlp.dll
0x000007fefb750000 - 0x000007fefb7a3000 	C:\Windows\System32\fwpuclnt.dll
0x00000000178a0000 - 0x0000000017948000 	C:\Users\Fadime\.Xilinx\SDK\2015.3\org.eclipse.osgi\bundles\303\1\.cp\swt-win32-4335.dll
0x000007feffcf0000 - 0x000007feffd87000 	C:\Windows\system32\comdlg32.dll
0x000007fefa150000 - 0x000007fefa1c1000 	C:\Windows\system32\WINSPOOL.DRV
0x000007fefe730000 - 0x000007fefe9b3000 	C:\Windows\system32\WININET.dll
0x000007fefda30000 - 0x000007fefda34000 	C:\Windows\system32\api-ms-win-downlevel-user32-l1-1-0.dll
0x000007fefda20000 - 0x000007fefda24000 	C:\Windows\system32\api-ms-win-downlevel-shlwapi-l1-1-0.dll
0x000007fefd8f0000 - 0x000007fefd8f4000 	C:\Windows\system32\api-ms-win-downlevel-version-l1-1-0.dll
0x000007fefda60000 - 0x000007fefda63000 	C:\Windows\system32\api-ms-win-downlevel-normaliz-l1-1-0.dll
0x0000000077cf0000 - 0x0000000077cf3000 	C:\Windows\system32\normaliz.DLL
0x000007feffa10000 - 0x000007feffcd8000 	C:\Windows\system32\iertutil.dll
0x000007fefdc50000 - 0x000007fefdc55000 	C:\Windows\system32\api-ms-win-downlevel-advapi32-l1-1-0.dll
0x000007fefda70000 - 0x000007fefdbdd000 	C:\Windows\system32\CRYPT32.dll
0x000007fefd8b0000 - 0x000007fefd8bf000 	C:\Windows\system32\MSASN1.dll
0x000007fefb580000 - 0x000007fefb598000 	C:\Windows\system32\dwmapi.dll
0x000007fefc0f0000 - 0x000007fefc21c000 	C:\Windows\system32\propsys.dll
0x00000000161a0000 - 0x00000000161be000 	C:\Users\Fadime\.Xilinx\SDK\2015.3\org.eclipse.osgi\bundles\303\1\.cp\swt-gdip-win32-4335.dll
0x000007fefba00000 - 0x000007fefbc16000 	C:\Windows\WinSxS\amd64_microsoft.windows.gdiplus_6595b64144ccf1df_1.1.7601.19061_none_2b299db671e86e03\gdiplus.dll
0x000007fefb0e0000 - 0x000007fefb241000 	C:\Windows\system32\WindowsCodecs.dll
0x0000000180000000 - 0x0000000180012000 	C:\Users\Fadime\.Xilinx\SDK\2015.3\org.eclipse.osgi\bundles\121\1\.cp\os\win32\x86_64\localfile_1_0_0.dll
0x000007feed770000 - 0x000007feed781000 	C:\Users\Fadime\.Xilinx\SDK\2015.3\org.eclipse.osgi\bundles\124\1\.cp\jWinHttp-1.0.0.dll
0x000007fef93a0000 - 0x000007fef9411000 	C:\Windows\system32\WINHTTP.dll
0x000007fef9320000 - 0x000007fef9384000 	C:\Windows\system32\webio.dll
0x000007fefd660000 - 0x000007fefd685000 	C:\Windows\system32\SspiCli.dll
0x000007fefcc20000 - 0x000007fefcc2a000 	C:\Windows\system32\credssp.dll
0x000007fefd900000 - 0x000007fefd936000 	C:\Windows\system32\CFGMGR32.dll
0x000007fefa840000 - 0x000007fefa894000 	C:\Windows\system32\oleacc.dll
0x000007fefd7f0000 - 0x000007fefd804000 	C:\Windows\system32\RpcRtRemote.dll
0x000007fefd750000 - 0x000007fefd7a7000 	C:\Windows\system32\apphelp.dll
0x000007fef1210000 - 0x000007fef1220000 	C:\Xilinx\SDK\2015.3\lib\win64.o\librdi_repo_manager.dll
0x000007feeac40000 - 0x000007feeac6a000 	C:\Xilinx\SDK\2015.3\lib\win64.o\libisl_sysinfo.dll
0x000007feecd90000 - 0x000007feece64000 	C:\Windows\system32\MSVCR110.dll
0x000007feed110000 - 0x000007feed1b7000 	C:\Windows\system32\MSVCP110.dll
0x000007fec4e60000 - 0x000007fec57eb000 	C:\Xilinx\SDK\2015.3\lib\win64.o\librdi_common.dll
0x000007fec8410000 - 0x000007fec877e000 	C:\Xilinx\SDK\2015.3\lib\win64.o\libCOIN-all.dll
0x000007fec81f0000 - 0x000007fec840e000 	C:\Xilinx\SDK\2015.3\lib\win64.o\libXil_lmgr11.dll
0x000007fefad60000 - 0x000007fefad76000 	C:\Windows\system32\NETAPI32.dll
0x000007fefad50000 - 0x000007fefad5c000 	C:\Windows\system32\netutils.dll
0x000007fefd2b0000 - 0x000007fefd2d3000 	C:\Windows\system32\srvcli.dll
0x000007fefad30000 - 0x000007fefad45000 	C:\Windows\system32\wkscli.dll
0x000007fefd940000 - 0x000007fefd97b000 	C:\Windows\system32\WINTRUST.dll
0x000007fef10e0000 - 0x000007fef10f0000 	C:\Xilinx\SDK\2015.3\lib\win64.o\libboost_date_time.dll
0x000007fee8c90000 - 0x000007fee8cb2000 	C:\Xilinx\SDK\2015.3\lib\win64.o\libboost_filesystem.dll
0x000007fefb840000 - 0x000007fefb849000 	C:\Xilinx\SDK\2015.3\lib\win64.o\libboost_system.dll
0x000007fee8c10000 - 0x000007fee8c84000 	C:\Xilinx\SDK\2015.3\lib\win64.o\libboost_program_options.dll
0x000007fee71a0000 - 0x000007fee729a000 	C:\Xilinx\SDK\2015.3\lib\win64.o\libboost_regex.dll
0x000007feecf20000 - 0x000007feecf33000 	C:\Xilinx\SDK\2015.3\lib\win64.o\libboost_signals.dll
0x000007feea920000 - 0x000007feea93d000 	C:\Xilinx\SDK\2015.3\lib\win64.o\libboost_thread.dll
0x000007feedb50000 - 0x000007feedb5b000 	C:\Xilinx\SDK\2015.3\lib\win64.o\libboost_chrono.dll
0x000007feedec0000 - 0x000007feedecb000 	C:\Xilinx\SDK\2015.3\lib\win64.o\libboost_xilinx.dll
0x000007fee4fd0000 - 0x000007fee5050000 	C:\Xilinx\SDK\2015.3\lib\win64.o\libhdlpsolve.dll
0x000007fee4850000 - 0x000007fee48ea000 	C:\Xilinx\SDK\2015.3\lib\win64.o\libhdxml.dll
0x000007fec6800000 - 0x000007fec6c48000 	C:\Xilinx\SDK\2015.3\lib\win64.o\libisl_iostreams.dll
0x000007feea7f0000 - 0x000007feea806000 	C:\Xilinx\SDK\2015.3\lib\win64.o\libboost_iostreams.dll
0x000007fee7700000 - 0x000007fee7723000 	C:\Xilinx\SDK\2015.3\lib\win64.o\librdizlib.dll
0x000007fee76d0000 - 0x000007fee76f3000 	C:\Xilinx\SDK\2015.3\lib\win64.o\libisl_iosutils.dll
0x000007feea130000 - 0x000007feea145000 	C:\Xilinx\SDK\2015.3\lib\win64.o\pthreadVC2.dll
0x000007fee47f0000 - 0x000007fee4844000 	C:\Xilinx\SDK\2015.3\lib\win64.o\librdi_commonxillic.dll
0x000007fec66d0000 - 0x000007fec6800000 	C:\Xilinx\SDK\2015.3\lib\win64.o\librdi_curl.dll
0x000007fee9ad0000 - 0x000007fee9ae8000 	C:\Xilinx\SDK\2015.3\lib\win64.o\librdiconfig.dll
0x0000000068570000 - 0x0000000068697000 	C:\Xilinx\SDK\2015.3\lib\win64.o\tcl85t.dll
0x0000000021730000 - 0x0000000021993000 	C:\Xilinx\SDK\2015.3\lib\win64.o\xerces-c_3_1.dll
0x000007feff880000 - 0x000007feffa05000 	C:\Windows\system32\urlmon.dll
0x000007fefd8c0000 - 0x000007fefd8c4000 	C:\Windows\system32\api-ms-win-downlevel-ole32-l1-1-0.dll
0x000007feed940000 - 0x000007feed963000 	C:\Windows\system32\VCOMP110.DLL
0x000007fec64e0000 - 0x000007fec66cc000 	C:\Xilinx\SDK\2015.3\lib\win64.o\librdi_hsm.dll
0x000007fedf0f0000 - 0x000007fedf133000 	C:\Xilinx\SDK\2015.3\lib\win64.o\librdi_hdf.dll
0x000007fec5f80000 - 0x000007fec61b5000 	C:\Xilinx\SDK\2015.3\lib\win64.o\librdi_ippcw.dll
0x000007fefa6c0000 - 0x000007fefa6c7000 	C:\Windows\system32\msimg32.dll
0x000007fec3b50000 - 0x000007fec4360000 	C:\Xilinx\SDK\2015.3\lib\win64.o\libXil_lmgr11FNP.dll
0x000007fef9390000 - 0x000007fef939b000 	C:\Windows\system32\snmpapi.dll
0x000007fefe4b0000 - 0x000007fefe687000 	C:\Windows\system32\SETUPAPI.dll
0x000007fefda40000 - 0x000007fefda5a000 	C:\Windows\system32\DEVOBJ.dll
0x000000006dc00000 - 0x000000006dc03000 	C:\Windows\system32\icmp.Dll

VM Arguments:
jvm_args: -Dcom.xilinx.sdk.args.hwspec=C:/Users/Fadime/Documents/ECE532/PROJECT/NexysVideo-master/Projects/hdmi/proj/hdmi.sdk/hdmi_wrapper.hdf -Xms64m -Xmx512m & 
java_command: <unknown>
java_class_path (initial): C:\Xilinx\SDK\2015.3\eclipse\win64.o\\plugins/org.eclipse.equinox.launcher_1.3.0.v20130327-1440.jar
Launcher Type: generic

Environment Variables:
USERNAME=Fadime
OS=Windows_NT
PROCESSOR_IDENTIFIER=Intel64 Family 6 Model 42 Stepping 7, GenuineIntel



---------------  S Y S T E M  ---------------

OS: Windows 7 , 64 bit Build 7601 (6.1.7601.19160)

CPU:total 4 (2 cores per cpu, 2 threads per core) family 6 model 42 stepping 7, cmov, cx8, fxsr, mmx, sse, sse2, sse3, ssse3, sse4.1, sse4.2, popcnt, avx, clmul, ht, tsc, tscinvbit

Memory: 4k page, physical 4042608k(861416k free), swap 9638892k(4849980k free)

vm_info: Java HotSpot(TM) 64-Bit Server VM (25.45-b02) for windows-amd64 JRE (1.8.0_45-b15), built on Apr 30 2015 12:40:44 by "java_re" with MS VC++ 10.0 (VS2010)

time: Tue Mar 29 20:13:18 2016
elapsed time: 3867 seconds (0d 1h 4m 27s)

